#
# There is insufficient memory for the Java Runtime Environment to continue.
# Native memory allocation (malloc) failed to allocate 32744 bytes for ChunkPool::allocate
# Possible reasons:
#   The system is out of physical RAM or swap space
#   The process is running with CompressedOops enabled, and the Java Heap may be blocking the growth of the native heap
# Possible solutions:
#   Reduce memory load on the system
#   Increase physical memory or swap space
#   Check if swap backing store is full
#   Decrease Java heap size (-Xmx/-Xms)
#   Decrease number of Java threads
#   Decrease Java thread stack sizes (-Xss)
#   Set larger code cache with -XX:ReservedCodeCacheSize=
#   JVM is running with Unscaled Compressed Oops mode in which the Java heap is
#     placed in the first 4GB address space. The Java Heap base address is the
#     maximum limit for the native heap growth. Please use -XX:HeapBaseMinAddress
#     to set the Java Heap base and to place the Java Heap above 4GB virtual address.
# This output file may be truncated or incomplete.
#
#  Out of Memory Error (allocation.cpp:272), pid=5560, tid=0x000000000000047c
#
# JRE version: OpenJDK Runtime Environment (8.0_242-b01) (build 1.8.0_242-release-1644-b01)
# Java VM: OpenJDK 64-Bit Server VM (25.242-b01 mixed mode windows-amd64 compressed oops)
# Failed to write core dump. Minidumps are not enabled by default on client versions of Windows
#

---------------  T H R E A D  ---------------

Current thread (0x0000000015d8d800):  JavaThread "C2 CompilerThread1" daemon [_thread_in_native, id=1148, stack(0x00000000174e0000,0x00000000175e0000)]

Stack: [0x00000000174e0000,0x00000000175e0000]
[error occurred during error reporting (printing stack bounds), id 0xc0000005]

Native frames: (J=compiled Java code, j=interpreted, Vv=VM code, C=native code)


Current CompileTask:
C2:  96526 5499       4       java.lang.Class::privateGetMethodRecursive (130 bytes)


---------------  P R O C E S S  ---------------

Java Threads: ( => current thread )
  0x000000001926c000 JavaThread "Memory manager" [_thread_blocked, id=6408, stack(0x00000000272e0000,0x00000000273e0000)]
  0x000000001926f000 JavaThread "jar transforms Thread 112" [_thread_blocked, id=11184, stack(0x0000000026be0000,0x0000000026ce0000)]
  0x0000000019266000 JavaThread "jar transforms Thread 111" [_thread_blocked, id=12156, stack(0x0000000026ae0000,0x0000000026be0000)]
  0x000000001926a800 JavaThread "jar transforms Thread 110" [_thread_blocked, id=6720, stack(0x00000000269e0000,0x0000000026ae0000)]
  0x000000001926d000 JavaThread "jar transforms Thread 109" [_thread_blocked, id=2756, stack(0x00000000268e0000,0x00000000269e0000)]
  0x0000000019268800 JavaThread "jar transforms Thread 108" [_thread_blocked, id=8092, stack(0x00000000267e0000,0x00000000268e0000)]
  0x0000000019263000 JavaThread "jar transforms Thread 107" [_thread_blocked, id=3628, stack(0x00000000266e0000,0x00000000267e0000)]
  0x0000000019264800 JavaThread "jar transforms Thread 106" [_thread_blocked, id=2384, stack(0x00000000265e0000,0x00000000266e0000)]
  0x000000001926a000 JavaThread "jar transforms Thread 105" [_thread_blocked, id=9756, stack(0x00000000264e0000,0x00000000265e0000)]
  0x0000000019262000 JavaThread "jar transforms Thread 104" [_thread_blocked, id=10860, stack(0x00000000263e0000,0x00000000264e0000)]
  0x0000000019269000 JavaThread "jar transforms Thread 103" [_thread_blocked, id=8808, stack(0x00000000262e0000,0x00000000263e0000)]
  0x0000000019266800 JavaThread "jar transforms Thread 102" [_thread_blocked, id=5368, stack(0x00000000261e0000,0x00000000262e0000)]
  0x0000000019267800 JavaThread "jar transforms Thread 101" [_thread_blocked, id=12244, stack(0x00000000260e0000,0x00000000261e0000)]
  0x0000000019263800 JavaThread "jar transforms Thread 100" [_thread_blocked, id=8996, stack(0x0000000025fe0000,0x00000000260e0000)]
  0x0000000019265000 JavaThread "jar transforms Thread 99" [_thread_blocked, id=9712, stack(0x0000000025ee0000,0x0000000025fe0000)]
  0x000000001b2a6000 JavaThread "jar transforms Thread 98" [_thread_blocked, id=11276, stack(0x0000000025de0000,0x0000000025ee0000)]
  0x000000001b2a4800 JavaThread "jar transforms Thread 97" [_thread_blocked, id=9716, stack(0x0000000025ce0000,0x0000000025de0000)]
  0x000000001b2a5000 JavaThread "jar transforms Thread 96" [_thread_blocked, id=11980, stack(0x0000000025be0000,0x0000000025ce0000)]
  0x000000001b2a2000 JavaThread "jar transforms Thread 95" [_thread_blocked, id=5652, stack(0x0000000025ae0000,0x0000000025be0000)]
  0x000000001b2a1800 JavaThread "jar transforms Thread 94" [_thread_blocked, id=2908, stack(0x00000000259e0000,0x0000000025ae0000)]
  0x000000001b29e800 JavaThread "jar transforms Thread 93" [_thread_blocked, id=2300, stack(0x00000000258e0000,0x00000000259e0000)]
  0x000000001b29d800 JavaThread "jar transforms Thread 92" [_thread_blocked, id=11368, stack(0x00000000257e0000,0x00000000258e0000)]
  0x000000001b2a3800 JavaThread "jar transforms Thread 91" [_thread_blocked, id=10544, stack(0x00000000256e0000,0x00000000257e0000)]
  0x000000001b2a0800 JavaThread "jar transforms Thread 90" [_thread_blocked, id=4224, stack(0x00000000255e0000,0x00000000256e0000)]
  0x000000001b2a3000 JavaThread "jar transforms Thread 89" [_thread_blocked, id=2976, stack(0x00000000254e0000,0x00000000255e0000)]
  0x000000001b29c000 JavaThread "jar transforms Thread 88" [_thread_blocked, id=608, stack(0x00000000253e0000,0x00000000254e0000)]
  0x000000001b29b800 JavaThread "jar transforms Thread 87" [_thread_blocked, id=11520, stack(0x00000000251e0000,0x00000000252e0000)]
  0x000000001b29f000 JavaThread "jar transforms Thread 86" [_thread_blocked, id=11596, stack(0x00000000250e0000,0x00000000251e0000)]
  0x000000001b29a000 JavaThread "jar transforms Thread 85" [_thread_blocked, id=3212, stack(0x0000000024fe0000,0x00000000250e0000)]
  0x000000001b299000 JavaThread "jar transforms Thread 84" [_thread_blocked, id=6412, stack(0x0000000024ee0000,0x0000000024fe0000)]
  0x000000001b2a0000 JavaThread "jar transforms Thread 83" [_thread_blocked, id=2344, stack(0x0000000024de0000,0x0000000024ee0000)]
  0x000000001b297000 JavaThread "jar transforms Thread 82" [_thread_blocked, id=564, stack(0x0000000024ce0000,0x0000000024de0000)]
  0x000000001b297800 JavaThread "jar transforms Thread 81" [_thread_blocked, id=2632, stack(0x0000000024be0000,0x0000000024ce0000)]
  0x000000001b29d000 JavaThread "jar transforms Thread 80" [_thread_blocked, id=5936, stack(0x0000000024ae0000,0x0000000024be0000)]
  0x000000001b29a800 JavaThread "jar transforms Thread 79" [_thread_blocked, id=5204, stack(0x00000000249e0000,0x0000000024ae0000)]
  0x000000001b298800 JavaThread "jar transforms Thread 78" [_thread_blocked, id=880, stack(0x00000000248e0000,0x00000000249e0000)]
  0x000000001f048800 JavaThread "jar transforms Thread 77" [_thread_blocked, id=8288, stack(0x00000000247e0000,0x00000000248e0000)]
  0x000000001f048000 JavaThread "jar transforms Thread 76" [_thread_blocked, id=10996, stack(0x00000000246e0000,0x00000000247e0000)]
  0x000000001f049800 JavaThread "jar transforms Thread 75" [_thread_blocked, id=10816, stack(0x00000000245e0000,0x00000000246e0000)]
  0x000000001f047000 JavaThread "jar transforms Thread 74" [_thread_blocked, id=10864, stack(0x00000000244e0000,0x00000000245e0000)]
  0x000000001f040800 JavaThread "jar transforms Thread 73" [_thread_blocked, id=7248, stack(0x00000000243e0000,0x00000000244e0000)]
  0x000000001f046800 JavaThread "jar transforms Thread 72" [_thread_blocked, id=10200, stack(0x00000000242e0000,0x00000000243e0000)]
  0x000000001f045000 JavaThread "jar transforms Thread 71" [_thread_blocked, id=8260, stack(0x00000000241e0000,0x00000000242e0000)]
  0x000000001f045800 JavaThread "jar transforms Thread 70" [_thread_blocked, id=11204, stack(0x00000000240e0000,0x00000000241e0000)]
  0x000000001f044000 JavaThread "jar transforms Thread 69" [_thread_blocked, id=6308, stack(0x0000000023fe0000,0x00000000240e0000)]
  0x000000001f03c800 JavaThread "jar transforms Thread 68" [_thread_blocked, id=5336, stack(0x0000000023ee0000,0x0000000023fe0000)]
  0x000000001f043800 JavaThread "jar transforms Thread 67" [_thread_blocked, id=11704, stack(0x0000000023de0000,0x0000000023ee0000)]
  0x000000001f03c000 JavaThread "jar transforms Thread 66" [_thread_blocked, id=3604, stack(0x0000000023ce0000,0x0000000023de0000)]
  0x000000001f03e000 JavaThread "jar transforms Thread 65" [_thread_blocked, id=2608, stack(0x0000000023be0000,0x0000000023ce0000)]
  0x000000001f042800 JavaThread "jar transforms Thread 64" [_thread_blocked, id=640, stack(0x0000000023ae0000,0x0000000023be0000)]
  0x000000001f03b000 JavaThread "jar transforms Thread 63" [_thread_blocked, id=10316, stack(0x00000000239e0000,0x0000000023ae0000)]
  0x000000001f03f000 JavaThread "jar transforms Thread 62" [_thread_blocked, id=7028, stack(0x00000000238e0000,0x00000000239e0000)]
  0x000000001f042000 JavaThread "jar transforms Thread 61" [_thread_blocked, id=9876, stack(0x00000000237e0000,0x00000000238e0000)]
  0x000000001f03a800 JavaThread "jar transforms Thread 60" [_thread_blocked, id=7920, stack(0x00000000236e0000,0x00000000237e0000)]
  0x000000001f03f800 JavaThread "jar transforms Thread 59" [_thread_blocked, id=6912, stack(0x00000000235e0000,0x00000000236e0000)]
  0x000000001f041000 JavaThread "jar transforms Thread 58" [_thread_blocked, id=5208, stack(0x00000000234e0000,0x00000000235e0000)]
  0x000000001f03d800 JavaThread "jar transforms Thread 57" [_thread_blocked, id=11544, stack(0x00000000233e0000,0x00000000234e0000)]
  0x000000001ca86000 JavaThread "jar transforms Thread 56" [_thread_blocked, id=6536, stack(0x00000000232e0000,0x00000000233e0000)]
  0x000000001ca85800 JavaThread "jar transforms Thread 55" [_thread_blocked, id=244, stack(0x00000000231e0000,0x00000000232e0000)]
  0x000000001ca87000 JavaThread "jar transforms Thread 54" [_thread_blocked, id=11896, stack(0x00000000230e0000,0x00000000231e0000)]
  0x000000001ca87800 JavaThread "jar transforms Thread 53" [_thread_blocked, id=1688, stack(0x0000000022fe0000,0x00000000230e0000)]
  0x000000001ca84800 JavaThread "jar transforms Thread 52" [_thread_blocked, id=9852, stack(0x0000000022ee0000,0x0000000022fe0000)]
  0x000000001ca84000 JavaThread "jar transforms Thread 51" [_thread_blocked, id=1656, stack(0x0000000022de0000,0x0000000022ee0000)]
  0x000000001ca82800 JavaThread "jar transforms Thread 50" [_thread_blocked, id=6352, stack(0x0000000022ce0000,0x0000000022de0000)]
  0x000000001ca88800 JavaThread "jar transforms Thread 49" [_thread_blocked, id=3840, stack(0x0000000022be0000,0x0000000022ce0000)]
  0x000000001ca83000 JavaThread "jar transforms Thread 48" [_thread_blocked, id=6888, stack(0x0000000022ae0000,0x0000000022be0000)]
  0x000000001ca7b000 JavaThread "jar transforms Thread 47" [_thread_blocked, id=4416, stack(0x00000000229e0000,0x0000000022ae0000)]
  0x000000001ca81800 JavaThread "jar transforms Thread 46" [_thread_blocked, id=3492, stack(0x00000000228e0000,0x00000000229e0000)]
  0x000000001ca7a000 JavaThread "jar transforms Thread 45" [_thread_blocked, id=5872, stack(0x00000000227e0000,0x00000000228e0000)]
  0x000000001ca81000 JavaThread "jar transforms Thread 44" [_thread_blocked, id=7096, stack(0x00000000226e0000,0x00000000227e0000)]
  0x000000001ca79800 JavaThread "jar transforms Thread 43" [_thread_blocked, id=12000, stack(0x00000000225e0000,0x00000000226e0000)]
  0x000000001ca7c800 JavaThread "jar transforms Thread 42" [_thread_blocked, id=8444, stack(0x00000000224e0000,0x00000000225e0000)]
  0x000000001ca80000 JavaThread "jar transforms Thread 41" [_thread_blocked, id=5912, stack(0x00000000223e0000,0x00000000224e0000)]
  0x000000001ca7e800 JavaThread "jar transforms Thread 40" [_thread_blocked, id=4360, stack(0x00000000222e0000,0x00000000223e0000)]
  0x000000001ca7d000 JavaThread "jar transforms Thread 39" [_thread_blocked, id=1676, stack(0x00000000221e0000,0x00000000222e0000)]
  0x000000001ca7f800 JavaThread "jar transforms Thread 38" [_thread_blocked, id=11332, stack(0x00000000220e0000,0x00000000221e0000)]
  0x000000001ca7b800 JavaThread "jar transforms Thread 37" [_thread_blocked, id=9128, stack(0x0000000021fe0000,0x00000000220e0000)]
  0x000000001ca7e000 JavaThread "jar transforms Thread 36" [_thread_blocked, id=8992, stack(0x0000000021ee0000,0x0000000021fe0000)]
  0x000000001ac37800 JavaThread "jar transforms Thread 35" [_thread_blocked, id=5844, stack(0x0000000021de0000,0x0000000021ee0000)]
  0x000000001ac36000 JavaThread "jar transforms Thread 34" [_thread_blocked, id=5896, stack(0x0000000021ce0000,0x0000000021de0000)]
  0x000000001ac35000 JavaThread "jar transforms Thread 33" [_thread_blocked, id=12256, stack(0x0000000021be0000,0x0000000021ce0000)]
  0x000000001ac36800 JavaThread "jar transforms Thread 32" [_thread_blocked, id=5556, stack(0x0000000021ae0000,0x0000000021be0000)]
  0x000000001ac34800 JavaThread "jar transforms Thread 31" [_thread_blocked, id=11152, stack(0x00000000219e0000,0x0000000021ae0000)]
  0x000000001ac33800 JavaThread "jar transforms Thread 30" [_thread_blocked, id=6752, stack(0x00000000218e0000,0x00000000219e0000)]
  0x000000001ac32000 JavaThread "jar transforms Thread 29" [_thread_blocked, id=6712, stack(0x00000000217e0000,0x00000000218e0000)]
  0x000000001ac2c000 JavaThread "jar transforms Thread 28" [_thread_blocked, id=2204, stack(0x00000000216e0000,0x00000000217e0000)]
  0x000000001ac31800 JavaThread "jar transforms Thread 27" [_thread_blocked, id=11876, stack(0x00000000215e0000,0x00000000216e0000)]
  0x000000001ac30800 JavaThread "jar transforms Thread 26" [_thread_blocked, id=2244, stack(0x00000000214e0000,0x00000000215e0000)]
  0x000000001ac33000 JavaThread "jar transforms Thread 25" [_thread_blocked, id=12216, stack(0x00000000213e0000,0x00000000214e0000)]
  0x000000001ac30000 JavaThread "jar transforms Thread 24" [_thread_blocked, id=1244, stack(0x00000000212e0000,0x00000000213e0000)]
  0x000000001ac29000 JavaThread "jar transforms Thread 23" [_thread_blocked, id=9904, stack(0x00000000211e0000,0x00000000212e0000)]
  0x000000001ac28800 JavaThread "jar transforms Thread 22" [_thread_blocked, id=11088, stack(0x00000000210e0000,0x00000000211e0000)]
  0x000000001ac2e800 JavaThread "jar transforms Thread 21" [_thread_blocked, id=7088, stack(0x0000000020fe0000,0x00000000210e0000)]
  0x000000001ac2d000 JavaThread "jar transforms Thread 20" [_thread_blocked, id=716, stack(0x0000000020ee0000,0x0000000020fe0000)]
  0x000000001ac2d800 JavaThread "jar transforms Thread 19" [_thread_blocked, id=8584, stack(0x0000000020de0000,0x0000000020ee0000)]
  0x000000001ac2f000 JavaThread "jar transforms Thread 18" [_thread_blocked, id=12144, stack(0x0000000020ce0000,0x0000000020de0000)]
  0x000000001ac2b800 JavaThread "jar transforms Thread 17" [_thread_blocked, id=844, stack(0x0000000020be0000,0x0000000020ce0000)]
  0x000000001ac2a800 JavaThread "jar transforms Thread 16" [_thread_blocked, id=9376, stack(0x0000000020ae0000,0x0000000020be0000)]
  0x000000001ac2a000 JavaThread "jar transforms Thread 15" [_thread_blocked, id=4640, stack(0x00000000209e0000,0x0000000020ae0000)]
  0x000000001b0d5000 JavaThread "jar transforms Thread 14" [_thread_blocked, id=10372, stack(0x00000000208e0000,0x00000000209e0000)]
  0x000000001b0d4000 JavaThread "jar transforms Thread 13" [_thread_blocked, id=784, stack(0x00000000207e0000,0x00000000208e0000)]
  0x000000001b0d3800 JavaThread "jar transforms Thread 12" [_thread_blocked, id=8904, stack(0x00000000206e0000,0x00000000207e0000)]
  0x000000001b0d2800 JavaThread "jar transforms Thread 11" [_thread_blocked, id=11560, stack(0x00000000205e0000,0x00000000206e0000)]
  0x000000001b0d6000 JavaThread "jar transforms Thread 10" [_thread_blocked, id=7532, stack(0x00000000204e0000,0x00000000205e0000)]
  0x000000001b0cb000 JavaThread "jar transforms Thread 9" [_thread_blocked, id=5112, stack(0x00000000203e0000,0x00000000204e0000)]
  0x000000001b0d2000 JavaThread "jar transforms Thread 8" [_thread_blocked, id=10652, stack(0x00000000202e0000,0x00000000203e0000)]
  0x000000001b0d1000 JavaThread "jar transforms Thread 7" [_thread_blocked, id=7796, stack(0x00000000201e0000,0x00000000202e0000)]
  0x000000001b0d0800 JavaThread "jar transforms Thread 6" [_thread_blocked, id=3012, stack(0x00000000200e0000,0x00000000201e0000)]
  0x000000001b0cd800 JavaThread "jar transforms Thread 5" [_thread_blocked, id=3008, stack(0x000000001ffe0000,0x00000000200e0000)]
  0x000000001b0cf800 JavaThread "jar transforms Thread 4" [_thread_blocked, id=8964, stack(0x000000001ee60000,0x000000001ef60000)]
  0x000000001b0cc800 JavaThread "jar transforms Thread 3" [_thread_blocked, id=2660, stack(0x000000001ed60000,0x000000001ee60000)]
  0x000000001b0c9800 JavaThread "jar transforms Thread 2" [_thread_blocked, id=10608, stack(0x000000001ec60000,0x000000001ed60000)]
  0x000000001b0cf000 JavaThread "Build operations Thread 4" [_thread_blocked, id=6460, stack(0x000000001eb60000,0x000000001ec60000)]
  0x000000001b0c8000 JavaThread "Build operations Thread 3" [_thread_blocked, id=5468, stack(0x000000001ea60000,0x000000001eb60000)]
  0x000000001b0cc000 JavaThread "Build operations Thread 2" [_thread_blocked, id=9464, stack(0x000000001e960000,0x000000001ea60000)]
  0x000000001b0c7800 JavaThread "Build operations" [_thread_blocked, id=7300, stack(0x00000000007a0000,0x00000000008a0000)]
  0x000000001b0ce000 JavaThread "Cache worker for Build Output Cleanup Cache (C:\Users\alive\Desktop\Yazilim\Flutter\loginpage\android\.gradle\buildOutputCleanup)" [_thread_blocked, id=11668, stack(0x00000000006a0000,0x00000000007a0000)]
  0x000000001adf0000 JavaThread "Cache worker for file content cache (C:\Users\alive\.gradle\caches\6.7\fileContent)" [_thread_blocked, id=11392, stack(0x000000001e060000,0x000000001e160000)]
  0x000000001adf4800 JavaThread "jar transforms" [_thread_blocked, id=8532, stack(0x000000001d840000,0x000000001d940000)]
  0x000000001adf4000 JavaThread "Cache worker for execution history cache (C:\Users\alive\.gradle\caches\6.7\executionHistory)" [_thread_blocked, id=8408, stack(0x000000001d960000,0x000000001da60000)]
  0x000000001adf6000 JavaThread "Cache worker for cache directory md-rule (C:\Users\alive\.gradle\caches\6.7\md-rule)" [_thread_blocked, id=9628, stack(0x000000001d740000,0x000000001d840000)]
  0x000000001adf1800 JavaThread "Cache worker for cache directory md-supplier (C:\Users\alive\.gradle\caches\6.7\md-supplier)" [_thread_blocked, id=11748, stack(0x000000001d640000,0x000000001d740000)]
  0x000000001adf5800 JavaThread "Cache worker for checksums cache (C:\Users\alive\Desktop\Yazilim\Flutter\loginpage\android\.gradle\checksums)" [_thread_blocked, id=7520, stack(0x000000001d340000,0x000000001d440000)]
  0x000000001adf3000 JavaThread "Cache worker for file hash cache (C:\Users\alive\Desktop\Yazilim\Flutter\loginpage\android\.gradle\6.7\fileHashes)" [_thread_blocked, id=9796, stack(0x000000001d240000,0x000000001d340000)]
  0x000000001adf1000 JavaThread "Cache worker for journal cache (C:\Users\alive\.gradle\caches\journal-1)" [_thread_blocked, id=2688, stack(0x000000001cd40000,0x000000001ce40000)]
  0x000000001843c000 JavaThread "File lock request listener" [_thread_in_native, id=2728, stack(0x000000001bc70000,0x000000001bd70000)]
  0x000000001844a800 JavaThread "Cache worker for file hash cache (C:\Users\alive\.gradle\caches\6.7\fileHashes)" [_thread_blocked, id=8868, stack(0x00000000008a0000,0x00000000009a0000)]
  0x000000001846e800 JavaThread "Thread-9" [_thread_blocked, id=5376, stack(0x000000001a8a0000,0x000000001a9a0000)]
  0x00000000185eb000 JavaThread "Stdin handler" [_thread_blocked, id=9408, stack(0x000000001a7a0000,0x000000001a8a0000)]
  0x00000000185ea800 JavaThread "Asynchronous log dispatcher for DefaultDaemonConnection: socket connection from /127.0.0.1:62960 to /127.0.0.1:62961" [_thread_blocked, id=3720, stack(0x000000001a6a0000,0x000000001a7a0000)]
  0x00000000185e4800 JavaThread "Daemon worker" [_thread_blocked, id=10236, stack(0x000000001a5a0000,0x000000001a6a0000)]
  0x0000000018509000 JavaThread "Cancel handler" [_thread_blocked, id=4084, stack(0x000000001a4a0000,0x000000001a5a0000)]
  0x0000000019251000 JavaThread "Handler for socket connection from /127.0.0.1:62960 to /127.0.0.1:62961" [_thread_in_native, id=7048, stack(0x000000001a3a0000,0x000000001a4a0000)]
  0x0000000019250800 JavaThread "Daemon" [_thread_blocked, id=2040, stack(0x000000001a0a0000,0x000000001a1a0000)]
  0x00000000187f3800 JavaThread "Daemon periodic checks" [_thread_blocked, id=780, stack(0x0000000019fa0000,0x000000001a0a0000)]
  0x00000000184d0800 JavaThread "Incoming local TCP Connector on port 62960" [_thread_in_native, id=1960, stack(0x0000000019d60000,0x0000000019e60000)]
  0x0000000017a9e000 JavaThread "Daemon health stats" [_thread_blocked, id=7912, stack(0x0000000019720000,0x0000000019820000)]
  0x0000000017720000 JavaThread "Service Thread" daemon [_thread_blocked, id=3236, stack(0x0000000017ae0000,0x0000000017be0000)]
  0x0000000015d9b800 JavaThread "C1 CompilerThread2" daemon [_thread_blocked, id=5172, stack(0x00000000175e0000,0x00000000176e0000)]
=>0x0000000015d8d800 JavaThread "C2 CompilerThread1" daemon [_thread_in_native, id=1148, stack(0x00000000174e0000,0x00000000175e0000)]
  0x0000000015d89800 JavaThread "C2 CompilerThread0" daemon [_thread_in_native, id=7380, stack(0x00000000173e0000,0x00000000174e0000)]
  0x0000000015d86800 JavaThread "Attach Listener" daemon [_thread_blocked, id=6036, stack(0x00000000172e0000,0x00000000173e0000)]
  0x0000000015d85800 JavaThread "Signal Dispatcher" daemon [_thread_blocked, id=2548, stack(0x00000000171e0000,0x00000000172e0000)]
  0x000000000240d000 JavaThread "Finalizer" daemon [_thread_blocked, id=1944, stack(0x0000000016ff0000,0x00000000170f0000)]
  0x0000000015d69000 JavaThread "Reference Handler" daemon [_thread_blocked, id=9776, stack(0x0000000016ef0000,0x0000000016ff0000)]
  0x0000000002312800 JavaThread "main" [_thread_blocked, id=7336, stack(0x0000000002150000,0x0000000002250000)]

Other Threads:
  0x0000000015d47800 VMThread [stack: 0x0000000016df0000,0x0000000016ef0000] [id=7288]
  0x0000000015ddc000 WatcherThread [stack: 0x0000000017be0000,0x0000000017ce0000] [id=2036]

VM state:at safepoint (normal execution)

VM Mutex/Monitor currently owned by a thread:  ([mutex/lock_event])
[0x000000000230de90] Threads_lock - owner thread: 0x0000000015d47800
[0x00000000023100d0] Heap_lock - owner thread: 0x00000000185e4800

heap address: 0x00000000a0000000, size: 1536 MB, Compressed Oops mode: 32-bit
Narrow klass base: 0x0000000000000000, Narrow klass shift: 3
Compressed class space size: 1073741824 Address: 0x0000000100000000

Heap:
 PSYoungGen      total 89088K, used 23297K [0x00000000e0000000, 0x00000000e7b80000, 0x0000000100000000)
  eden space 74752K, 15% used [0x00000000e0000000,0x00000000e0af4e38,0x00000000e4900000)
  from space 14336K, 84% used [0x00000000e4900000,0x00000000e54cb9c0,0x00000000e5700000)
  to   space 15872K, 12% used [0x00000000e6c00000,0x00000000e6e00000,0x00000000e7b80000)
 ParOldGen       total 79872K, used 20928K [0x00000000a0000000, 0x00000000a4e00000, 0x00000000e0000000)
  object space 79872K, 26% used [0x00000000a0000000,0x00000000a14700f8,0x00000000a4e00000)
 Metaspace       used 52919K, capacity 55216K, committed 55296K, reserved 1101824K
  class space    used 7084K, capacity 7639K, committed 7680K, reserved 1048576K

Card table byte_map: [0x00000000117d0000,0x0000000011ae0000] byte_map_base: 0x00000000112d0000

Marking Bits: (ParMarkBitMap*) 0x000000006926f030
 Begin Bits: [0x00000000120e0000, 0x00000000138e0000)
 End Bits:   [0x00000000138e0000, 0x00000000150e0000)

Polling page: 0x0000000002250000

CodeCache: size=245760Kb used=16836Kb max_used=16836Kb free=228923Kb
 bounds [0x0000000002410000, 0x0000000003490000, 0x0000000011410000]
 total_blobs=5773 nmethods=4995 adapters=691
 compilation: enabled

Compilation events (10 events):
Event: 96.362 Thread 0x0000000015d9b800 5522       3       org.gradle.plugin.use.internal.DefaultPluginId::equals (41 bytes)
Event: 96.363 Thread 0x0000000015d9b800 nmethod 5522 0x0000000003489b90 code [0x0000000003489d20, 0x000000000348a228]
Event: 96.373 Thread 0x0000000015d9b800 5523       1       java.lang.invoke.DirectMethodHandle$Special::isInvokeSpecial (2 bytes)
Event: 96.373 Thread 0x0000000015d9b800 nmethod 5523 0x000000000348a350 code [0x000000000348a4a0, 0x000000000348a5b0]
Event: 96.379 Thread 0x0000000015d9b800 5526 %     2       java.lang.String::toLowerCase @ 156 (439 bytes)
Event: 96.381 Thread 0x0000000015d9b800 nmethod 5526% 0x000000000348a610 code [0x000000000348a8c0, 0x000000000348b6c8]
Event: 96.516 Thread 0x0000000015d9b800 5527       3       org.gradle.internal.instantiation.generator.AsmBackedClassGenerator$ClassBuilderImpl::addActionMethod (264 bytes)
Event: 96.520 Thread 0x0000000015d9b800 nmethod 5527 0x000000000348c490 code [0x000000000348c820, 0x000000000348e798]
Event: 96.520 Thread 0x0000000015d9b800 5528       3       org.gradle.util.CollectionUtils::collectArray (17 bytes)
Event: 96.521 Thread 0x0000000015d9b800 nmethod 5528 0x000000000348f550 code [0x000000000348f6e0, 0x000000000348f9d8]

GC Heap History (10 events):
Event: 69.062 GC heap before
{Heap before GC invocations=17 (full 2):
 PSYoungGen      total 54272K, used 45706K [0x00000000e0000000, 0x00000000e4080000, 0x0000000100000000)
  eden space 43520K, 100% used [0x00000000e0000000,0x00000000e2a80000,0x00000000e2a80000)
  from space 10752K, 20% used [0x00000000e3600000,0x00000000e3822be0,0x00000000e4080000)
  to   space 11264K, 0% used [0x00000000e2a80000,0x00000000e2a80000,0x00000000e3580000)
 ParOldGen       total 79872K, used 14809K [0x00000000a0000000, 0x00000000a4e00000, 0x00000000e0000000)
  object space 79872K, 18% used [0x00000000a0000000,0x00000000a0e766c0,0x00000000a4e00000)
 Metaspace       used 37267K, capacity 38838K, committed 39040K, reserved 1083392K
  class space    used 5108K, capacity 5460K, committed 5504K, reserved 1048576K
Event: 69.069 GC heap after
Heap after GC invocations=17 (full 2):
 PSYoungGen      total 54784K, used 3346K [0x00000000e0000000, 0x00000000e5300000, 0x0000000100000000)
  eden space 43520K, 0% used [0x00000000e0000000,0x00000000e0000000,0x00000000e2a80000)
  from space 11264K, 29% used [0x00000000e2a80000,0x00000000e2dc4838,0x00000000e3580000)
  to   space 11264K, 0% used [0x00000000e4800000,0x00000000e4800000,0x00000000e5300000)
 ParOldGen       total 79872K, used 14817K [0x00000000a0000000, 0x00000000a4e00000, 0x00000000e0000000)
  object space 79872K, 18% used [0x00000000a0000000,0x00000000a0e786c0,0x00000000a4e00000)
 Metaspace       used 37267K, capacity 38838K, committed 39040K, reserved 1083392K
  class space    used 5108K, capacity 5460K, committed 5504K, reserved 1048576K
}
Event: 78.706 GC heap before
{Heap before GC invocations=18 (full 2):
 PSYoungGen      total 54784K, used 46866K [0x00000000e0000000, 0x00000000e5300000, 0x0000000100000000)
  eden space 43520K, 100% used [0x00000000e0000000,0x00000000e2a80000,0x00000000e2a80000)
  from space 11264K, 29% used [0x00000000e2a80000,0x00000000e2dc4838,0x00000000e3580000)
  to   space 11264K, 0% used [0x00000000e4800000,0x00000000e4800000,0x00000000e5300000)
 ParOldGen       total 79872K, used 14817K [0x00000000a0000000, 0x00000000a4e00000, 0x00000000e0000000)
  object space 79872K, 18% used [0x00000000a0000000,0x00000000a0e786c0,0x00000000a4e00000)
 Metaspace       used 40114K, capacity 41844K, committed 42112K, reserved 1085440K
  class space    used 5493K, capacity 5895K, committed 6016K, reserved 1048576K
Event: 78.717 GC heap after
Heap after GC invocations=18 (full 2):
 PSYoungGen      total 70656K, used 6248K [0x00000000e0000000, 0x00000000e5180000, 0x0000000100000000)
  eden space 60928K, 0% used [0x00000000e0000000,0x00000000e0000000,0x00000000e3b80000)
  from space 9728K, 64% used [0x00000000e4800000,0x00000000e4e1a238,0x00000000e5180000)
  to   space 11264K, 0% used [0x00000000e3b80000,0x00000000e3b80000,0x00000000e4680000)
 ParOldGen       total 79872K, used 14825K [0x00000000a0000000, 0x00000000a4e00000, 0x00000000e0000000)
  object space 79872K, 18% used [0x00000000a0000000,0x00000000a0e7a6c0,0x00000000a4e00000)
 Metaspace       used 40114K, capacity 41844K, committed 42112K, reserved 1085440K
  class space    used 5493K, capacity 5895K, committed 6016K, reserved 1048576K
}
Event: 86.176 GC heap before
{Heap before GC invocations=19 (full 2):
 PSYoungGen      total 70656K, used 67176K [0x00000000e0000000, 0x00000000e5180000, 0x0000000100000000)
  eden space 60928K, 100% used [0x00000000e0000000,0x00000000e3b80000,0x00000000e3b80000)
  from space 9728K, 64% used [0x00000000e4800000,0x00000000e4e1a238,0x00000000e5180000)
  to   space 11264K, 0% used [0x00000000e3b80000,0x00000000e3b80000,0x00000000e4680000)
 ParOldGen       total 79872K, used 14825K [0x00000000a0000000, 0x00000000a4e00000, 0x00000000e0000000)
  object space 79872K, 18% used [0x00000000a0000000,0x00000000a0e7a6c0,0x00000000a4e00000)
 Metaspace       used 45924K, capacity 47736K, committed 47872K, reserved 1091584K
  class space    used 6212K, capacity 6622K, committed 6656K, reserved 1048576K
Event: 86.220 GC heap after
Heap after GC invocations=19 (full 2):
 PSYoungGen      total 72192K, used 10561K [0x00000000e0000000, 0x00000000e6300000, 0x0000000100000000)
  eden space 60928K, 0% used [0x00000000e0000000,0x00000000e0000000,0x00000000e3b80000)
  from space 11264K, 93% used [0x00000000e3b80000,0x00000000e45d06f8,0x00000000e4680000)
  to   space 12288K, 0% used [0x00000000e5700000,0x00000000e5700000,0x00000000e6300000)
 ParOldGen       total 79872K, used 14833K [0x00000000a0000000, 0x00000000a4e00000, 0x00000000e0000000)
  object space 79872K, 18% used [0x00000000a0000000,0x00000000a0e7c6c0,0x00000000a4e00000)
 Metaspace       used 45924K, capacity 47736K, committed 47872K, reserved 1091584K
  class space    used 6212K, capacity 6622K, committed 6656K, reserved 1048576K
}
Event: 93.261 GC heap before
{Heap before GC invocations=20 (full 2):
 PSYoungGen      total 72192K, used 71489K [0x00000000e0000000, 0x00000000e6300000, 0x0000000100000000)
  eden space 60928K, 100% used [0x00000000e0000000,0x00000000e3b80000,0x00000000e3b80000)
  from space 11264K, 93% used [0x00000000e3b80000,0x00000000e45d06f8,0x00000000e4680000)
  to   space 12288K, 0% used [0x00000000e5700000,0x00000000e5700000,0x00000000e6300000)
 ParOldGen       total 79872K, used 14833K [0x00000000a0000000, 0x00000000a4e00000, 0x00000000e0000000)
  object space 79872K, 18% used [0x00000000a0000000,0x00000000a0e7c6c0,0x00000000a4e00000)
 Metaspace       used 51541K, capacity 53638K, committed 53888K, reserved 1095680K
  class space    used 6861K, capacity 7287K, committed 7296K, reserved 1048576K
Event: 93.293 GC heap after
Heap after GC invocations=20 (full 2):
 PSYoungGen      total 87040K, used 12269K [0x00000000e0000000, 0x00000000e6680000, 0x0000000100000000)
  eden space 74752K, 0% used [0x00000000e0000000,0x00000000e0000000,0x00000000e4900000)
  from space 12288K, 99% used [0x00000000e5700000,0x00000000e62fb4e0,0x00000000e6300000)
  to   space 14336K, 0% used [0x00000000e4900000,0x00000000e4900000,0x00000000e5700000)
 ParOldGen       total 79872K, used 16335K [0x00000000a0000000, 0x00000000a4e00000, 0x00000000e0000000)
  object space 79872K, 20% used [0x00000000a0000000,0x00000000a0ff3f68,0x00000000a4e00000)
 Metaspace       used 51541K, capacity 53638K, committed 53888K, reserved 1095680K
  class space    used 6861K, capacity 7287K, committed 7296K, reserved 1048576K
}
Event: 95.675 GC heap before
{Heap before GC invocations=21 (full 2):
 PSYoungGen      total 87040K, used 87021K [0x00000000e0000000, 0x00000000e6680000, 0x0000000100000000)
  eden space 74752K, 100% used [0x00000000e0000000,0x00000000e4900000,0x00000000e4900000)
  from space 12288K, 99% used [0x00000000e5700000,0x00000000e62fb4e0,0x00000000e6300000)
  to   space 14336K, 0% used [0x00000000e4900000,0x00000000e4900000,0x00000000e5700000)
 ParOldGen       total 79872K, used 16335K [0x00000000a0000000, 0x00000000a4e00000, 0x00000000e0000000)
  object space 79872K, 20% used [0x00000000a0000000,0x00000000a0ff3f68,0x00000000a4e00000)
 Metaspace       used 52501K, capacity 54738K, committed 54912K, reserved 1097728K
  class space    used 7026K, capacity 7504K, committed 7552K, reserved 1048576K
Event: 95.718 GC heap after
Heap after GC invocations=21 (full 2):
 PSYoungGen      total 89088K, used 12078K [0x00000000e0000000, 0x00000000e7b80000, 0x0000000100000000)
  eden space 74752K, 0% used [0x00000000e0000000,0x00000000e0000000,0x00000000e4900000)
  from space 14336K, 84% used [0x00000000e4900000,0x00000000e54cb9c0,0x00000000e5700000)
  to   space 15872K, 0% used [0x00000000e6c00000,0x00000000e6c00000,0x00000000e7b80000)
 ParOldGen       total 79872K, used 19190K [0x00000000a0000000, 0x00000000a4e00000, 0x00000000e0000000)
  object space 79872K, 24% used [0x00000000a0000000,0x00000000a12bd858,0x00000000a4e00000)
 Metaspace       used 52501K, capacity 54738K, committed 54912K, reserved 1097728K
  class space    used 7026K, capacity 7504K, committed 7552K, reserved 1048576K
}

Deoptimization events (10 events):
Event: 94.358 Thread 0x00000000185e4800 Uncommon trap: reason=array_check action=maybe_recompile pc=0x000000000339b7d8 method=java.util.AbstractCollection.toArray([Ljava/lang/Object;)[Ljava/lang/Object; @ 119
Event: 94.403 Thread 0x00000000185e4800 Uncommon trap: reason=unstable_if action=reinterpret pc=0x0000000003392ebc method=groovy.lang.MetaClassImpl.filterPropertyMethod(Ljava/lang/Object;ZZ)Ljava/lang/Object; @ 187
Event: 94.954 Thread 0x00000000185e4800 Uncommon trap: reason=bimorphic action=maybe_recompile pc=0x0000000003055d34 method=org.codehaus.groovy.runtime.metaclass.MetaMethodIndex.addMethodToList(Ljava/lang/Object;Lgroovy/lang/MetaMethod;)Ljava/lang/Object; @ 96
Event: 94.955 Thread 0x00000000185e4800 Uncommon trap: reason=unstable_if action=reinterpret pc=0x0000000003055c78 method=org.codehaus.groovy.runtime.metaclass.MetaMethodIndex.isNonRealMethod(Lgroovy/lang/MetaMethod;)Z @ 4
Event: 95.010 Thread 0x00000000185e4800 Uncommon trap: reason=unstable_if action=reinterpret pc=0x00000000025c320c method=sun.misc.URLClassPath$JarLoader.getResource(Ljava/lang/String;ZLjava/util/Set;)Lsun/misc/Resource; @ 17
Event: 95.098 Thread 0x00000000185e4800 Uncommon trap: reason=class_check action=maybe_recompile pc=0x0000000002ad7db4 method=java.util.WeakHashMap.eq(Ljava/lang/Object;Ljava/lang/Object;)Z @ 7
Event: 95.223 Thread 0x00000000185e4800 Uncommon trap: reason=unstable_if action=reinterpret pc=0x0000000002595c40 method=java.lang.CharacterData.of(I)Ljava/lang/CharacterData; @ 4
Event: 95.312 Thread 0x00000000185e4800 Uncommon trap: reason=class_check action=maybe_recompile pc=0x0000000002ad7db4 method=java.util.WeakHashMap.eq(Ljava/lang/Object;Ljava/lang/Object;)Z @ 7
Event: 95.724 Thread 0x00000000185e4800 Uncommon trap: reason=class_check action=maybe_recompile pc=0x0000000002ad7db4 method=java.util.WeakHashMap.eq(Ljava/lang/Object;Ljava/lang/Object;)Z @ 7
Event: 95.859 Thread 0x00000000185e4800 Uncommon trap: reason=null_check action=make_not_entrant pc=0x000000000291ea4c method=java.lang.Class.searchMethods([Ljava/lang/reflect/Method;Ljava/lang/String;[Ljava/lang/Class;)Ljava/lang/reflect/Method; @ 59

Classes redefined (0 events):
No events

Internal exceptions (10 events):
Event: 95.724 Thread 0x00000000185e4800 Exception <a 'java/lang/ClassNotFoundException': com/google/common/collect/ImmutableSetCustomizer> (0x00000000e00316b8) thrown at [C:\src\AOSP-openjdk-git\hotspot\src\share\vm\classfile\systemDictionary.cpp, line 210]
Event: 95.727 Thread 0x00000000185e4800 Exception <a 'java/lang/ClassNotFoundException': com/google/common/collect/SingletonImmutableSetCustomizer> (0x00000000e00751e0) thrown at [C:\src\AOSP-openjdk-git\hotspot\src\share\vm\classfile\systemDictionary.cpp, line 210]
Event: 95.881 Thread 0x00000000185e4800 Exception <a 'java/lang/ClassNotFoundException': com/android/build/gradle/internal/dsl/DefaultConfig_DecoratedBeanInfo> (0x00000000e01ee978) thrown at [C:\src\AOSP-openjdk-git\hotspot\src\share\vm\classfile\systemDictionary.cpp, line 210]
Event: 95.882 Thread 0x00000000185e4800 Exception <a 'java/lang/ClassNotFoundException': com/android/build/gradle/internal/dsl/DefaultConfigBeanInfo> (0x00000000e0212a60) thrown at [C:\src\AOSP-openjdk-git\hotspot\src\share\vm\classfile\systemDictionary.cpp, line 210]
Event: 95.886 Thread 0x00000000185e4800 Exception <a 'java/lang/ClassNotFoundException': com/android/build/gradle/internal/dsl/BaseFlavorBeanInfo> (0x00000000e02357e8) thrown at [C:\src\AOSP-openjdk-git\hotspot\src\share\vm\classfile\systemDictionary.cpp, line 210]
Event: 95.887 Thread 0x00000000185e4800 Exception <a 'java/lang/ClassNotFoundException': com/android/builder/core/AbstractProductFlavorBeanInfo> (0x00000000e0257710) thrown at [C:\src\AOSP-openjdk-git\hotspot\src\share\vm\classfile\systemDictionary.cpp, line 210]
Event: 95.889 Thread 0x00000000185e4800 Exception <a 'java/lang/ClassNotFoundException': com/android/builder/core/AbstractProductFlavorCustomizer> (0x00000000e027a3d0) thrown at [C:\src\AOSP-openjdk-git\hotspot\src\share\vm\classfile\systemDictionary.cpp, line 210]
Event: 95.894 Thread 0x00000000185e4800 Exception <a 'java/lang/ClassNotFoundException': com/android/build/gradle/internal/dsl/BaseFlavorCustomizer> (0x00000000e02f0580) thrown at [C:\src\AOSP-openjdk-git\hotspot\src\share\vm\classfile\systemDictionary.cpp, line 210]
Event: 95.911 Thread 0x00000000185e4800 Exception <a 'java/lang/ClassNotFoundException': com/android/build/gradle/internal/dsl/DefaultConfigCustomizer> (0x00000000e03a6e10) thrown at [C:\src\AOSP-openjdk-git\hotspot\src\share\vm\classfile\systemDictionary.cpp, line 210]
Event: 95.913 Thread 0x00000000185e4800 Exception <a 'java/lang/ClassNotFoundException': com/android/build/gradle/internal/dsl/DefaultConfig_DecoratedCustomizer> (0x00000000e03eef98) thrown at [C:\src\AOSP-openjdk-git\hotspot\src\share\vm\classfile\systemDictionary.cpp, line 210]

Events (10 events):
Event: 96.508 loading class com/android/build/gradle/internal/core/VariantDslInfoImpl$initApplicationId$4 done
Event: 96.510 loading class org/gradle/api/provider/HasConfigurableValue
Event: 96.510 loading class org/gradle/api/provider/HasConfigurableValue done
Event: 96.510 loading class com/android/build/gradle/internal/core/VariantDslInfoImpl$manifestPlaceholders$2
Event: 96.510 loading class com/android/build/gradle/internal/core/VariantDslInfoImpl$manifestPlaceholders$2 done
Event: 96.512 loading class com/android/build/api/variant/impl/DelayedActionExecutor
Event: 96.512 loading class com/android/build/api/variant/impl/DelayedActionExecutor done
Event: 96.523 loading class com/android/build/gradle/internal/core/MergedFlavor
Event: 96.523 loading class com/android/build/gradle/internal/core/MergedFlavor done
Event: 96.524 loading class com/android/build/gradle/internal/core/InternalBaseVariant$MergedFlavor


Dynamic libraries:
0x00007ff765c60000 - 0x00007ff765c91000 	C:\Program Files\Android\Android Studio1\jre\bin\java.exe
0x00007ffd63910000 - 0x00007ffd63b05000 	C:\WINDOWS\SYSTEM32\ntdll.dll
0x00007ffd61cc0000 - 0x00007ffd61d7d000 	C:\WINDOWS\System32\KERNEL32.DLL
0x00007ffd613a0000 - 0x00007ffd61668000 	C:\WINDOWS\System32\KERNELBASE.dll
0x00007ffd61fc0000 - 0x00007ffd6206c000 	C:\WINDOWS\System32\ADVAPI32.dll
0x00007ffd61b30000 - 0x00007ffd61bce000 	C:\WINDOWS\System32\msvcrt.dll
0x00007ffd62ed0000 - 0x00007ffd62f6b000 	C:\WINDOWS\System32\sechost.dll
0x00007ffd61970000 - 0x00007ffd61a9b000 	C:\WINDOWS\System32\RPCRT4.dll
0x00007ffd62d30000 - 0x00007ffd62ed0000 	C:\WINDOWS\System32\USER32.dll
0x00007ffd61370000 - 0x00007ffd61392000 	C:\WINDOWS\System32\win32u.dll
0x00007ffd62580000 - 0x00007ffd625aa000 	C:\WINDOWS\System32\GDI32.dll
0x00007ffd61100000 - 0x00007ffd6120b000 	C:\WINDOWS\System32\gdi32full.dll
0x00007ffd61820000 - 0x00007ffd618bd000 	C:\WINDOWS\System32\msvcp_win.dll
0x00007ffd61670000 - 0x00007ffd61770000 	C:\WINDOWS\System32\ucrtbase.dll
0x00007ffd56960000 - 0x00007ffd56bfa000 	C:\WINDOWS\WinSxS\amd64_microsoft.windows.common-controls_6595b64144ccf1df_6.0.19041.844_none_ca00b6081b84eb1d\COMCTL32.dll
0x00007ffd61f90000 - 0x00007ffd61fc0000 	C:\WINDOWS\System32\IMM32.DLL
0x0000000069650000 - 0x0000000069722000 	C:\Program Files\Android\Android Studio1\jre\jre\bin\msvcr100.dll
0x0000000068aa0000 - 0x00000000692eb000 	C:\Program Files\Android\Android Studio1\jre\jre\bin\server\jvm.dll
0x00007ffd62270000 - 0x00007ffd62278000 	C:\WINDOWS\System32\PSAPI.DLL
0x00007ffd56f20000 - 0x00007ffd56f29000 	C:\WINDOWS\SYSTEM32\WSOCK32.dll
0x00007ffd4f440000 - 0x00007ffd4f467000 	C:\WINDOWS\SYSTEM32\WINMM.dll
0x00007ffd61c50000 - 0x00007ffd61cbb000 	C:\WINDOWS\System32\WS2_32.dll
0x00007ffd4de30000 - 0x00007ffd4de3a000 	C:\WINDOWS\SYSTEM32\VERSION.dll
0x00007ffd56250000 - 0x00007ffd5625f000 	C:\Program Files\Android\Android Studio1\jre\jre\bin\verify.dll
0x00007ffd55570000 - 0x00007ffd55599000 	C:\Program Files\Android\Android Studio1\jre\jre\bin\java.dll
0x00007ffd55550000 - 0x00007ffd55566000 	C:\Program Files\Android\Android Studio1\jre\jre\bin\zip.dll
0x00007ffd625c0000 - 0x00007ffd62d02000 	C:\WINDOWS\System32\SHELL32.dll
0x00007ffd5f160000 - 0x00007ffd5f8f0000 	C:\WINDOWS\SYSTEM32\windows.storage.dll
0x00007ffd634c0000 - 0x00007ffd63815000 	C:\WINDOWS\System32\combase.dll
0x00007ffd60a50000 - 0x00007ffd60a7c000 	C:\WINDOWS\SYSTEM32\Wldp.dll
0x00007ffd63820000 - 0x00007ffd638ce000 	C:\WINDOWS\System32\SHCORE.dll
0x00007ffd61f30000 - 0x00007ffd61f85000 	C:\WINDOWS\System32\shlwapi.dll
0x00007ffd60f90000 - 0x00007ffd60faf000 	C:\WINDOWS\SYSTEM32\profapi.dll
0x00007ffd40cb0000 - 0x00007ffd40cca000 	C:\Program Files\Android\Android Studio1\jre\jre\bin\net.dll
0x00007ffd60760000 - 0x00007ffd607ca000 	C:\WINDOWS\system32\mswsock.dll
0x00007ffd40c90000 - 0x00007ffd40ca3000 	C:\Program Files\Android\Android Studio1\jre\jre\bin\nio.dll
0x00007ffd3e950000 - 0x00007ffd3e976000 	C:\Users\alive\.gradle\native\fdc75f09e3144964f2cf3f50f0aa648679c211496f362492102eb8c894070792\windows-amd64\native-platform.dll
0x00007ffd26030000 - 0x00007ffd261c1000 	C:\Users\alive\.gradle\native\12488b8bf47d2d4c9fbf2f6322a914ad602e24e48041cd04a747c6da556b65c4\windows-amd64\native-platform-file-events.dll
0x00007ffd55ae0000 - 0x00007ffd55aed000 	C:\Program Files\Android\Android Studio1\jre\jre\bin\management.dll
0x00007ffd60930000 - 0x00007ffd60948000 	C:\WINDOWS\SYSTEM32\CRYPTSP.dll
0x00007ffd600c0000 - 0x00007ffd600f4000 	C:\WINDOWS\system32\rsaenh.dll
0x00007ffd61770000 - 0x00007ffd61797000 	C:\WINDOWS\System32\bcrypt.dll
0x00007ffd60f10000 - 0x00007ffd60f3e000 	C:\WINDOWS\SYSTEM32\USERENV.dll
0x00007ffd617a0000 - 0x00007ffd61820000 	C:\WINDOWS\System32\bcryptprimitives.dll
0x00007ffd60950000 - 0x00007ffd6095c000 	C:\WINDOWS\SYSTEM32\CRYPTBASE.dll
0x00007ffd60420000 - 0x00007ffd6045b000 	C:\WINDOWS\SYSTEM32\IPHLPAPI.DLL
0x00007ffd625b0000 - 0x00007ffd625b8000 	C:\WINDOWS\System32\NSI.dll
0x00007ffd588c0000 - 0x00007ffd588d7000 	C:\WINDOWS\SYSTEM32\dhcpcsvc6.DLL
0x00007ffd58860000 - 0x00007ffd5887d000 	C:\WINDOWS\SYSTEM32\dhcpcsvc.DLL
0x00007ffd60460000 - 0x00007ffd6052c000 	C:\WINDOWS\SYSTEM32\DNSAPI.dll
0x00007ffd58aa0000 - 0x00007ffd58aab000 	C:\WINDOWS\SYSTEM32\WINNSI.DLL

VM Arguments:
jvm_args: -Xmx1536M -Dfile.encoding=windows-1254 -Duser.country=TR -Duser.language=tr -Duser.variant 
java_command: org.gradle.launcher.daemon.bootstrap.GradleDaemon 6.7
java_class_path (initial): C:\Users\alive\.gradle\wrapper\dists\gradle-6.7-all\cuy9mc7upwgwgeb72wkcrupxe\gradle-6.7\lib\gradle-launcher-6.7.jar
Launcher Type: SUN_STANDARD

Environment Variables:
JAVA_HOME=C:\Program Files\Android\Android Studio1\jre
CLASSPATH=C:\Users\alive\Desktop\Yazilim\Flutter\loginpage\android\\gradle\wrapper\gradle-wrapper.jar
PATH=C:\Program Files (x86)\Common Files\Oracle\Java\javapath;C:\WINDOWS\system32;C:\WINDOWS;C:\WINDOWS\System32\Wbem;C:\WINDOWS\System32\WindowsPowerShell\v1.0\;C:\WINDOWS\System32\OpenSSH\;C:\Program Files\Microsoft SQL Server\130\Tools\Binn\;C:\Program Files\Microsoft SQL Server\110\Tools\Binn\;C:\Program Files (x86)\Microsoft SQL Server\110\Tools\Binn\;C:\Program Files\Microsoft SQL Server\110\DTS\Binn\;C:\Program Files (x86)\Microsoft SQL Server\110\Tools\Binn\ManagementStudio\;C:\Program Files (x86)\Microsoft SQL Server\110\DTS\Binn\;C:\Program Files\Git\cmd;C:\Program Files\nodejs\;C:\Users\alive\AppData\Local\Microsoft\WindowsApps;C:\Program Files\JetBrains\IntelliJ IDEA Community Edition 2020.2.3\bin;;C:\Program Files\Java\jdk-14\bin;C:\Program Files\JetBrains\PyCharm Community Edition 2020.2.3\bin;;C:\Users\alive\AppData\Local\Programs\Microsoft VS Code\bin;C:\Users\alive\AppData\Local\Programs\Python\Python38\Scripts;C:\src\flutter\bin;C:\Users\alive\AppData\Roaming\npm;C:\src\flutter\bin\mingit\cmd
USERNAME=alive
OS=Windows_NT
PROCESSOR_IDENTIFIER=Intel64 Family 6 Model 58 Stepping 9, GenuineIntel



---------------  S Y S T E M  ---------------

OS: Windows 10.0 , 64 bit Build 19041 (10.0.19041.928)

CPU:total 4 (initial active 4) (2 cores per cpu, 2 threads per core) family 6 model 58 stepping 9, cmov, cx8, fxsr, mmx, sse, sse2, sse3, ssse3, sse4.1, sse4.2, popcnt, avx, clmul, erms, ht, tsc, tscinvbit, tscinv

Memory: 4k page, physical 8264984k(1135620k free), swap 8264984k(4160k free)

vm_info: OpenJDK 64-Bit Server VM (25.242-b01) for windows-amd64 JRE (1.8.0_242-release-1644-b01), built by "builder" with MS VC++ 10.0 (VS2010)

time: Thu Jun 10 22:57:19 2021
timezone: Türkiye Standart Saati
elapsed time: 96 seconds (0d 0h 1m 36s)

