#
# There is insufficient memory for the Java Runtime Environment to continue.
# Native memory allocation (malloc) failed to allocate 32744 bytes for ChunkPool::allocate
# Possible reasons:
#   The system is out of physical RAM or swap space
#   The process is running with CompressedOops enabled, and the Java Heap may be blocking the growth of the native heap
# Possible solutions:
#   Reduce memory load on the system
#   Increase physical memory or swap space
#   Check if swap backing store is full
#   Decrease Java heap size (-Xmx/-Xms)
#   Decrease number of Java threads
#   Decrease Java thread stack sizes (-Xss)
#   Set larger code cache with -XX:ReservedCodeCacheSize=
#   JVM is running with Unscaled Compressed Oops mode in which the Java heap is
#     placed in the first 4GB address space. The Java Heap base address is the
#     maximum limit for the native heap growth. Please use -XX:HeapBaseMinAddress
#     to set the Java Heap base and to place the Java Heap above 4GB virtual address.
# This output file may be truncated or incomplete.
#
#  Out of Memory Error (allocation.cpp:272), pid=11440, tid=0x0000000000002f1c
#
# JRE version: OpenJDK Runtime Environment (8.0_242-b01) (build 1.8.0_242-release-1644-b01)
# Java VM: OpenJDK 64-Bit Server VM (25.242-b01 mixed mode windows-amd64 compressed oops)
# Failed to write core dump. Minidumps are not enabled by default on client versions of Windows
#

---------------  T H R E A D  ---------------

Current thread (0x000000001609d000):  JavaThread "C2 CompilerThread1" daemon [_thread_in_native, id=12060, stack(0x00000000177d0000,0x00000000178d0000)]

Stack: [0x00000000177d0000,0x00000000178d0000]
[error occurred during error reporting (printing stack bounds), id 0xc0000005]

Native frames: (J=compiled Java code, j=interpreted, Vv=VM code, C=native code)


Current CompileTask:
C2:  25043 1531       4       java.net.URLClassLoader$1::run (5 bytes)


---------------  P R O C E S S  ---------------

Java Threads: ( => current thread )
  0x0000000018bd8000 JavaThread "File lock request listener" [_thread_in_native, id=12132, stack(0x000000001d190000,0x000000001d290000)]
  0x0000000018bd7800 JavaThread "Cache worker for file hash cache (C:\Users\alive\.gradle\caches\6.7\fileHashes)" [_thread_blocked, id=6544, stack(0x000000001ce30000,0x000000001cf30000)]
  0x0000000017a51800 JavaThread "Thread-9" [_thread_blocked, id=10796, stack(0x000000001ab90000,0x000000001ac90000)]
  0x00000000189a7000 JavaThread "Stdin handler" [_thread_blocked, id=8728, stack(0x000000001aa90000,0x000000001ab90000)]
  0x00000000189a6000 JavaThread "Asynchronous log dispatcher for DefaultDaemonConnection: socket connection from /127.0.0.1:54608 to /127.0.0.1:54609" [_thread_blocked, id=9968, stack(0x000000001a990000,0x000000001aa90000)]
  0x0000000017a82000 JavaThread "Daemon worker" [_thread_in_native, id=6308, stack(0x000000001a890000,0x000000001a990000)]
  0x0000000018975000 JavaThread "Cancel handler" [_thread_blocked, id=2936, stack(0x000000001a790000,0x000000001a890000)]
  0x0000000018973800 JavaThread "Handler for socket connection from /127.0.0.1:54608 to /127.0.0.1:54609" [_thread_in_native, id=6832, stack(0x000000001a690000,0x000000001a790000)]
  0x0000000018973000 JavaThread "Daemon" [_thread_blocked, id=11072, stack(0x000000001a390000,0x000000001a490000)]
  0x00000000189ac800 JavaThread "Daemon periodic checks" [_thread_blocked, id=5584, stack(0x000000001a290000,0x000000001a390000)]
  0x0000000017abf800 JavaThread "Incoming local TCP Connector on port 54608" [_thread_in_native, id=11676, stack(0x000000001a050000,0x000000001a150000)]
  0x0000000017992800 JavaThread "Daemon health stats" [_thread_blocked, id=3176, stack(0x0000000019a10000,0x0000000019b10000)]
  0x00000000160e8800 JavaThread "Service Thread" daemon [_thread_blocked, id=10392, stack(0x0000000017dd0000,0x0000000017ed0000)]
  0x00000000178d8800 JavaThread "C1 CompilerThread2" daemon [_thread_in_native, id=5760, stack(0x0000000017cd0000,0x0000000017dd0000)]
=>0x000000001609d000 JavaThread "C2 CompilerThread1" daemon [_thread_in_native, id=12060, stack(0x00000000177d0000,0x00000000178d0000)]
  0x0000000016099800 JavaThread "C2 CompilerThread0" daemon [_thread_in_native, id=10076, stack(0x00000000176d0000,0x00000000177d0000)]
  0x0000000016096800 JavaThread "Attach Listener" daemon [_thread_blocked, id=7596, stack(0x00000000175d0000,0x00000000176d0000)]
  0x0000000016095800 JavaThread "Signal Dispatcher" daemon [_thread_blocked, id=6352, stack(0x00000000174d0000,0x00000000175d0000)]
  0x0000000002717800 JavaThread "Finalizer" daemon [_thread_blocked, id=11832, stack(0x00000000172e0000,0x00000000173e0000)]
  0x0000000016079000 JavaThread "Reference Handler" daemon [_thread_blocked, id=7236, stack(0x00000000171e0000,0x00000000172e0000)]
  0x0000000002622800 JavaThread "main" [_thread_blocked, id=7920, stack(0x00000000023e0000,0x00000000024e0000)]

Other Threads:
  0x0000000016057800 VMThread [stack: 0x00000000170e0000,0x00000000171e0000] [id=11756]
  0x00000000160e9800 WatcherThread [stack: 0x0000000017ed0000,0x0000000017fd0000] [id=10528]

VM state:not at safepoint (normal execution)

VM Mutex/Monitor currently owned by a thread: None

heap address: 0x00000000a0000000, size: 1536 MB, Compressed Oops mode: 32-bit
Narrow klass base: 0x0000000000000000, Narrow klass shift: 3
Compressed class space size: 1073741824 Address: 0x0000000100000000

Heap:
 PSYoungGen      total 38400K, used 6801K [0x00000000e0000000, 0x00000000e2a80000, 0x0000000100000000)
  eden space 33280K, 5% used [0x00000000e0000000,0x00000000e01a9ef0,0x00000000e2080000)
  from space 5120K, 99% used [0x00000000e2580000,0x00000000e2a7a778,0x00000000e2a80000)
  to   space 5120K, 0% used [0x00000000e2080000,0x00000000e2080000,0x00000000e2580000)
 ParOldGen       total 87552K, used 3712K [0x00000000a0000000, 0x00000000a5580000, 0x00000000e0000000)
  object space 87552K, 4% used [0x00000000a0000000,0x00000000a03a0328,0x00000000a5580000)
 Metaspace       used 14777K, capacity 15256K, committed 15488K, reserved 1062912K
  class space    used 2016K, capacity 2174K, committed 2176K, reserved 1048576K

Card table byte_map: [0x0000000011ae0000,0x0000000011df0000] byte_map_base: 0x00000000115e0000

Marking Bits: (ParMarkBitMap*) 0x000000006926f030
 Begin Bits: [0x00000000123f0000, 0x0000000013bf0000)
 End Bits:   [0x0000000013bf0000, 0x00000000153f0000)

Polling page: 0x0000000000880000

CodeCache: size=245760Kb used=5005Kb max_used=5138Kb free=240754Kb
 bounds [0x0000000002720000, 0x0000000002c30000, 0x0000000011720000]
 total_blobs=1789 nmethods=1405 adapters=297
 compilation: enabled

Compilation events (10 events):
Event: 24.276 Thread 0x00000000178d8800 nmethod 1534 0x0000000002840390 code [0x0000000002840560, 0x0000000002840c68]
Event: 24.276 Thread 0x00000000178d8800 1533       1       java.util.Collections$EmptyList::isEmpty (2 bytes)
Event: 24.276 Thread 0x00000000178d8800 nmethod 1533 0x0000000002840090 code [0x00000000028401e0, 0x00000000028402f0]
Event: 24.456 Thread 0x00000000178d8800 1536       3       java.util.concurrent.locks.AbstractQueuedSynchronizer::setState (6 bytes)
Event: 24.456 Thread 0x00000000178d8800 nmethod 1536 0x0000000002962590 code [0x00000000029626e0, 0x0000000002962830]
Event: 24.581 Thread 0x00000000178d8800 1537       3       java.util.concurrent.locks.AbstractQueuedSynchronizer::compareAndSetState (13 bytes)
Event: 24.581 Thread 0x00000000178d8800 nmethod 1537 0x0000000002962250 code [0x00000000029623a0, 0x0000000002962510]
Event: 24.581 Thread 0x00000000178d8800 1538       3       java.util.concurrent.locks.AbstractQueuedSynchronizer::release (33 bytes)
Event: 24.582 Thread 0x00000000178d8800 nmethod 1538 0x0000000002961cd0 code [0x0000000002961e40, 0x0000000002962158]
Event: 24.870 Thread 0x00000000178d8800 1539       3       java.util.concurrent.locks.ReentrantLock$Sync::tryRelease (45 bytes)

GC Heap History (6 events):
Event: 7.259 GC heap before
{Heap before GC invocations=1 (full 0):
 PSYoungGen      total 38400K, used 33280K [0x00000000e0000000, 0x00000000e2a80000, 0x0000000100000000)
  eden space 33280K, 100% used [0x00000000e0000000,0x00000000e2080000,0x00000000e2080000)
  from space 5120K, 0% used [0x00000000e2580000,0x00000000e2580000,0x00000000e2a80000)
  to   space 5120K, 0% used [0x00000000e2080000,0x00000000e2080000,0x00000000e2580000)
 ParOldGen       total 87552K, used 0K [0x00000000a0000000, 0x00000000a5580000, 0x00000000e0000000)
  object space 87552K, 0% used [0x00000000a0000000,0x00000000a0000000,0x00000000a5580000)
 Metaspace       used 7572K, capacity 7848K, committed 8064K, reserved 1056768K
  class space    used 930K, capacity 1039K, committed 1152K, reserved 1048576K
Event: 7.297 GC heap after
Heap after GC invocations=1 (full 0):
 PSYoungGen      total 38400K, used 4639K [0x00000000e0000000, 0x00000000e2a80000, 0x0000000100000000)
  eden space 33280K, 0% used [0x00000000e0000000,0x00000000e0000000,0x00000000e2080000)
  from space 5120K, 90% used [0x00000000e2080000,0x00000000e2507e60,0x00000000e2580000)
  to   space 5120K, 0% used [0x00000000e2580000,0x00000000e2580000,0x00000000e2a80000)
 ParOldGen       total 87552K, used 8K [0x00000000a0000000, 0x00000000a5580000, 0x00000000e0000000)
  object space 87552K, 0% used [0x00000000a0000000,0x00000000a0002000,0x00000000a5580000)
 Metaspace       used 7572K, capacity 7848K, committed 8064K, reserved 1056768K
  class space    used 930K, capacity 1039K, committed 1152K, reserved 1048576K
}
Event: 10.954 GC heap before
{Heap before GC invocations=2 (full 0):
 PSYoungGen      total 38400K, used 37919K [0x00000000e0000000, 0x00000000e2a80000, 0x0000000100000000)
  eden space 33280K, 100% used [0x00000000e0000000,0x00000000e2080000,0x00000000e2080000)
  from space 5120K, 90% used [0x00000000e2080000,0x00000000e2507e60,0x00000000e2580000)
  to   space 5120K, 0% used [0x00000000e2580000,0x00000000e2580000,0x00000000e2a80000)
 ParOldGen       total 87552K, used 8K [0x00000000a0000000, 0x00000000a5580000, 0x00000000e0000000)
  object space 87552K, 0% used [0x00000000a0000000,0x00000000a0002000,0x00000000a5580000)
 Metaspace       used 7750K, capacity 8040K, committed 8320K, reserved 1056768K
  class space    used 939K, capacity 1039K, committed 1152K, reserved 1048576K
Event: 10.983 GC heap after
Heap after GC invocations=2 (full 0):
 PSYoungGen      total 38400K, used 3377K [0x00000000e0000000, 0x00000000e2a80000, 0x0000000100000000)
  eden space 33280K, 0% used [0x00000000e0000000,0x00000000e0000000,0x00000000e2080000)
  from space 5120K, 65% used [0x00000000e2580000,0x00000000e28cc5f8,0x00000000e2a80000)
  to   space 5120K, 0% used [0x00000000e2080000,0x00000000e2080000,0x00000000e2580000)
 ParOldGen       total 87552K, used 16K [0x00000000a0000000, 0x00000000a5580000, 0x00000000e0000000)
  object space 87552K, 0% used [0x00000000a0000000,0x00000000a0004000,0x00000000a5580000)
 Metaspace       used 7750K, capacity 8040K, committed 8320K, reserved 1056768K
  class space    used 939K, capacity 1039K, committed 1152K, reserved 1048576K
}
Event: 22.744 GC heap before
{Heap before GC invocations=3 (full 0):
 PSYoungGen      total 38400K, used 36657K [0x00000000e0000000, 0x00000000e2a80000, 0x0000000100000000)
  eden space 33280K, 100% used [0x00000000e0000000,0x00000000e2080000,0x00000000e2080000)
  from space 5120K, 65% used [0x00000000e2580000,0x00000000e28cc5f8,0x00000000e2a80000)
  to   space 5120K, 0% used [0x00000000e2080000,0x00000000e2080000,0x00000000e2580000)
 ParOldGen       total 87552K, used 16K [0x00000000a0000000, 0x00000000a5580000, 0x00000000e0000000)
  object space 87552K, 0% used [0x00000000a0000000,0x00000000a0004000,0x00000000a5580000)
 Metaspace       used 11794K, capacity 12082K, committed 12160K, reserved 1060864K
  class space    used 1553K, capacity 1643K, committed 1664K, reserved 1048576K
Event: 22.809 GC heap after
Heap after GC invocations=3 (full 0):
 PSYoungGen      total 38400K, used 5104K [0x00000000e0000000, 0x00000000e2a80000, 0x0000000100000000)
  eden space 33280K, 0% used [0x00000000e0000000,0x00000000e0000000,0x00000000e2080000)
  from space 5120K, 99% used [0x00000000e2080000,0x00000000e257c010,0x00000000e2580000)
  to   space 5120K, 0% used [0x00000000e2580000,0x00000000e2580000,0x00000000e2a80000)
 ParOldGen       total 87552K, used 1107K [0x00000000a0000000, 0x00000000a5580000, 0x00000000e0000000)
  object space 87552K, 1% used [0x00000000a0000000,0x00000000a0114f68,0x00000000a5580000)
 Metaspace       used 11794K, capacity 12082K, committed 12160K, reserved 1060864K
  class space    used 1553K, capacity 1643K, committed 1664K, reserved 1048576K
}

Deoptimization events (10 events):
Event: 22.654 Thread 0x0000000017a82000 Uncommon trap: reason=bimorphic action=maybe_recompile pc=0x00000000029a73dc method=java.util.HashMap.putVal(ILjava/lang/Object;Ljava/lang/Object;ZZ)Ljava/lang/Object; @ 253
Event: 22.655 Thread 0x0000000017a82000 Uncommon trap: reason=bimorphic action=maybe_recompile pc=0x00000000029a73dc method=java.util.HashMap.putVal(ILjava/lang/Object;Ljava/lang/Object;ZZ)Ljava/lang/Object; @ 253
Event: 22.655 Thread 0x0000000017a82000 Uncommon trap: reason=class_check action=maybe_recompile pc=0x00000000029a7594 method=java.util.HashMap.putVal(ILjava/lang/Object;Ljava/lang/Object;ZZ)Ljava/lang/Object; @ 203
Event: 22.655 Thread 0x0000000017a82000 Uncommon trap: reason=class_check action=maybe_recompile pc=0x00000000029a7594 method=java.util.HashMap.putVal(ILjava/lang/Object;Ljava/lang/Object;ZZ)Ljava/lang/Object; @ 203
Event: 22.655 Thread 0x0000000017a82000 Uncommon trap: reason=bimorphic action=maybe_recompile pc=0x00000000029a5634 method=java.util.HashMap.putVal(ILjava/lang/Object;Ljava/lang/Object;ZZ)Ljava/lang/Object; @ 253
Event: 22.655 Thread 0x0000000017a82000 Uncommon trap: reason=bimorphic action=maybe_recompile pc=0x00000000029a5634 method=java.util.HashMap.putVal(ILjava/lang/Object;Ljava/lang/Object;ZZ)Ljava/lang/Object; @ 253
Event: 24.078 Thread 0x0000000017a82000 Uncommon trap: reason=class_check action=maybe_recompile pc=0x0000000002a8e794 method=java.util.regex.Matcher.match(II)Z @ 86
Event: 24.176 Thread 0x0000000017a82000 Uncommon trap: reason=class_check action=maybe_recompile pc=0x0000000002a8e794 method=java.util.regex.Matcher.match(II)Z @ 86
Event: 24.177 Thread 0x0000000017a82000 Uncommon trap: reason=class_check action=maybe_recompile pc=0x0000000002a8e794 method=java.util.regex.Matcher.match(II)Z @ 86
Event: 24.177 Thread 0x0000000017a82000 Uncommon trap: reason=class_check action=maybe_recompile pc=0x00000000028e9cdc method=java.util.regex.Matcher.match(II)Z @ 86

Classes redefined (0 events):
No events

Internal exceptions (10 events):
Event: 6.118 Thread 0x0000000002622800 Exception <a 'java/lang/ArrayIndexOutOfBoundsException'> (0x00000000e1368b38) thrown at [C:\src\AOSP-openjdk-git\hotspot\src\share\vm\runtime\sharedRuntime.cpp, line 605]
Event: 6.119 Thread 0x0000000002622800 Exception <a 'java/lang/ArrayIndexOutOfBoundsException'> (0x00000000e136c5d0) thrown at [C:\src\AOSP-openjdk-git\hotspot\src\share\vm\runtime\sharedRuntime.cpp, line 605]
Event: 6.120 Thread 0x0000000002622800 Exception <a 'java/lang/ArrayIndexOutOfBoundsException'> (0x00000000e136e300) thrown at [C:\src\AOSP-openjdk-git\hotspot\src\share\vm\runtime\sharedRuntime.cpp, line 605]
Event: 6.290 Thread 0x0000000002622800 Exception <a 'java/lang/ArrayIndexOutOfBoundsException'> (0x00000000e1656418) thrown at [C:\src\AOSP-openjdk-git\hotspot\src\share\vm\runtime\sharedRuntime.cpp, line 605]
Event: 6.297 Thread 0x0000000002622800 Exception <a 'java/lang/ArrayIndexOutOfBoundsException'> (0x00000000e1664a08) thrown at [C:\src\AOSP-openjdk-git\hotspot\src\share\vm\runtime\sharedRuntime.cpp, line 605]
Event: 6.298 Thread 0x0000000002622800 Exception <a 'java/lang/ArrayIndexOutOfBoundsException'> (0x00000000e1667860) thrown at [C:\src\AOSP-openjdk-git\hotspot\src\share\vm\runtime\sharedRuntime.cpp, line 605]
Event: 6.300 Thread 0x0000000002622800 Exception <a 'java/lang/ArrayIndexOutOfBoundsException'> (0x00000000e16774c8) thrown at [C:\src\AOSP-openjdk-git\hotspot\src\share\vm\runtime\sharedRuntime.cpp, line 605]
Event: 6.305 Thread 0x0000000002622800 Exception <a 'java/lang/ArrayIndexOutOfBoundsException'> (0x00000000e168ccd8) thrown at [C:\src\AOSP-openjdk-git\hotspot\src\share\vm\runtime\sharedRuntime.cpp, line 605]
Event: 22.337 Thread 0x0000000002622800 Exception <a 'java/io/IOException'> (0x00000000e1d26eb0) thrown at [C:\src\AOSP-openjdk-git\hotspot\src\share\vm\prims\jni.cpp, line 710]
Event: 23.813 Thread 0x0000000017a82000 Exception <a 'java/lang/NoSuchMethodError': java.lang.Object.lambda$static$0(Lorg/gradle/internal/state/ModelObject;)Ljava/lang/String;> (0x00000000e130bfa0) thrown at [C:\src\AOSP-openjdk-git\hotspot\src\share\vm\interpreter\linkResolver.cpp, line 620]

Events (10 events):
Event: 24.794 loading class com/google/common/collect/MapMakerInternalMap$1
Event: 24.794 loading class com/google/common/collect/MapMakerInternalMap$1 done
Event: 24.875 loading class com/google/common/collect/MapMakerInternalMap$InternalEntry
Event: 24.875 loading class com/google/common/collect/MapMakerInternalMap$InternalEntry done
Event: 24.876 loading class com/google/common/collect/MapMakerInternalMap$WeakKeyDummyValueEntry$Helper
Event: 24.876 loading class com/google/common/collect/MapMakerInternalMap$WeakKeyDummyValueEntry$Helper done
Event: 24.878 loading class com/google/common/collect/MapMakerInternalMap$Segment
Event: 24.878 loading class com/google/common/collect/MapMakerInternalMap$Segment done
Event: 24.882 loading class com/google/common/collect/MapMakerInternalMap$WeakKeyDummyValueSegment
Event: 24.882 loading class com/google/common/collect/MapMakerInternalMap$WeakKeyDummyValueSegment done


Dynamic libraries:
0x00007ff7f1d80000 - 0x00007ff7f1db1000 	C:\Program Files\Android\Android Studio1\jre\bin\java.exe
0x00007ffd63910000 - 0x00007ffd63b05000 	C:\WINDOWS\SYSTEM32\ntdll.dll
0x00007ffd61cc0000 - 0x00007ffd61d7d000 	C:\WINDOWS\System32\KERNEL32.DLL
0x00007ffd613a0000 - 0x00007ffd61668000 	C:\WINDOWS\System32\KERNELBASE.dll
0x00007ffd61fc0000 - 0x00007ffd6206c000 	C:\WINDOWS\System32\ADVAPI32.dll
0x00007ffd61b30000 - 0x00007ffd61bce000 	C:\WINDOWS\System32\msvcrt.dll
0x00007ffd62ed0000 - 0x00007ffd62f6b000 	C:\WINDOWS\System32\sechost.dll
0x00007ffd61970000 - 0x00007ffd61a9b000 	C:\WINDOWS\System32\RPCRT4.dll
0x00007ffd62d30000 - 0x00007ffd62ed0000 	C:\WINDOWS\System32\USER32.dll
0x00007ffd61370000 - 0x00007ffd61392000 	C:\WINDOWS\System32\win32u.dll
0x00007ffd62580000 - 0x00007ffd625aa000 	C:\WINDOWS\System32\GDI32.dll
0x00007ffd61100000 - 0x00007ffd6120b000 	C:\WINDOWS\System32\gdi32full.dll
0x00007ffd61820000 - 0x00007ffd618bd000 	C:\WINDOWS\System32\msvcp_win.dll
0x00007ffd61670000 - 0x00007ffd61770000 	C:\WINDOWS\System32\ucrtbase.dll
0x00007ffd56960000 - 0x00007ffd56bfa000 	C:\WINDOWS\WinSxS\amd64_microsoft.windows.common-controls_6595b64144ccf1df_6.0.19041.844_none_ca00b6081b84eb1d\COMCTL32.dll
0x00007ffd61f90000 - 0x00007ffd61fc0000 	C:\WINDOWS\System32\IMM32.DLL
0x0000000069650000 - 0x0000000069722000 	C:\Program Files\Android\Android Studio1\jre\jre\bin\msvcr100.dll
0x0000000068aa0000 - 0x00000000692eb000 	C:\Program Files\Android\Android Studio1\jre\jre\bin\server\jvm.dll
0x00007ffd62270000 - 0x00007ffd62278000 	C:\WINDOWS\System32\PSAPI.DLL
0x00007ffd5cae0000 - 0x00007ffd5cae9000 	C:\WINDOWS\SYSTEM32\WSOCK32.dll
0x00007ffd61c50000 - 0x00007ffd61cbb000 	C:\WINDOWS\System32\WS2_32.dll
0x00007ffd4f440000 - 0x00007ffd4f467000 	C:\WINDOWS\SYSTEM32\WINMM.dll
0x00007ffd4de30000 - 0x00007ffd4de3a000 	C:\WINDOWS\SYSTEM32\VERSION.dll
0x00007ffd5cad0000 - 0x00007ffd5cadf000 	C:\Program Files\Android\Android Studio1\jre\jre\bin\verify.dll
0x00007ffd59a70000 - 0x00007ffd59a99000 	C:\Program Files\Android\Android Studio1\jre\jre\bin\java.dll
0x00007ffd59a50000 - 0x00007ffd59a66000 	C:\Program Files\Android\Android Studio1\jre\jre\bin\zip.dll
0x00007ffd625c0000 - 0x00007ffd62d02000 	C:\WINDOWS\System32\SHELL32.dll
0x00007ffd5f160000 - 0x00007ffd5f8f0000 	C:\WINDOWS\SYSTEM32\windows.storage.dll
0x00007ffd634c0000 - 0x00007ffd63815000 	C:\WINDOWS\System32\combase.dll
0x00007ffd60a50000 - 0x00007ffd60a7c000 	C:\WINDOWS\SYSTEM32\Wldp.dll
0x00007ffd63820000 - 0x00007ffd638ce000 	C:\WINDOWS\System32\SHCORE.dll
0x00007ffd61f30000 - 0x00007ffd61f85000 	C:\WINDOWS\System32\shlwapi.dll
0x00007ffd60f90000 - 0x00007ffd60faf000 	C:\WINDOWS\SYSTEM32\profapi.dll
0x00007ffd59a30000 - 0x00007ffd59a4a000 	C:\Program Files\Android\Android Studio1\jre\jre\bin\net.dll
0x00007ffd60760000 - 0x00007ffd607ca000 	C:\WINDOWS\system32\mswsock.dll
0x00007ffd46f80000 - 0x00007ffd46f93000 	C:\Program Files\Android\Android Studio1\jre\jre\bin\nio.dll
0x00007ffd42010000 - 0x00007ffd42036000 	C:\Users\alive\.gradle\native\fdc75f09e3144964f2cf3f50f0aa648679c211496f362492102eb8c894070792\windows-amd64\native-platform.dll
0x00007ffd2d510000 - 0x00007ffd2d6a1000 	C:\Users\alive\.gradle\native\12488b8bf47d2d4c9fbf2f6322a914ad602e24e48041cd04a747c6da556b65c4\windows-amd64\native-platform-file-events.dll
0x00007ffd5ade0000 - 0x00007ffd5aded000 	C:\Program Files\Android\Android Studio1\jre\jre\bin\management.dll
0x00007ffd60930000 - 0x00007ffd60948000 	C:\WINDOWS\SYSTEM32\CRYPTSP.dll
0x00007ffd600c0000 - 0x00007ffd600f4000 	C:\WINDOWS\system32\rsaenh.dll
0x00007ffd61770000 - 0x00007ffd61797000 	C:\WINDOWS\System32\bcrypt.dll
0x00007ffd60f10000 - 0x00007ffd60f3e000 	C:\WINDOWS\SYSTEM32\USERENV.dll
0x00007ffd617a0000 - 0x00007ffd61820000 	C:\WINDOWS\System32\bcryptprimitives.dll
0x00007ffd60950000 - 0x00007ffd6095c000 	C:\WINDOWS\SYSTEM32\CRYPTBASE.dll
0x00007ffd60420000 - 0x00007ffd6045b000 	C:\WINDOWS\SYSTEM32\IPHLPAPI.DLL
0x00007ffd625b0000 - 0x00007ffd625b8000 	C:\WINDOWS\System32\NSI.dll
0x00007ffd588c0000 - 0x00007ffd588d7000 	C:\WINDOWS\SYSTEM32\dhcpcsvc6.DLL
0x00007ffd58860000 - 0x00007ffd5887d000 	C:\WINDOWS\SYSTEM32\dhcpcsvc.DLL
0x00007ffd60460000 - 0x00007ffd6052c000 	C:\WINDOWS\SYSTEM32\DNSAPI.dll
0x00007ffd58aa0000 - 0x00007ffd58aab000 	C:\WINDOWS\SYSTEM32\WINNSI.DLL

VM Arguments:
jvm_args: -Xmx1536M -Dfile.encoding=windows-1254 -Duser.country=TR -Duser.language=tr -Duser.variant 
java_command: org.gradle.launcher.daemon.bootstrap.GradleDaemon 6.7
java_class_path (initial): C:\Users\alive\.gradle\wrapper\dists\gradle-6.7-all\cuy9mc7upwgwgeb72wkcrupxe\gradle-6.7\lib\gradle-launcher-6.7.jar
Launcher Type: SUN_STANDARD

Environment Variables:
JAVA_HOME=C:\Program Files\Android\Android Studio1\jre
CLASSPATH=C:\Users\alive\Desktop\Yazilim\Flutter\loginpage\android\\gradle\wrapper\gradle-wrapper.jar
PATH=C:\Program Files (x86)\Common Files\Oracle\Java\javapath;C:\WINDOWS\system32;C:\WINDOWS;C:\WINDOWS\System32\Wbem;C:\WINDOWS\System32\WindowsPowerShell\v1.0\;C:\WINDOWS\System32\OpenSSH\;C:\Program Files\Microsoft SQL Server\130\Tools\Binn\;C:\Program Files\Microsoft SQL Server\110\Tools\Binn\;C:\Program Files (x86)\Microsoft SQL Server\110\Tools\Binn\;C:\Program Files\Microsoft SQL Server\110\DTS\Binn\;C:\Program Files (x86)\Microsoft SQL Server\110\Tools\Binn\ManagementStudio\;C:\Program Files (x86)\Microsoft SQL Server\110\DTS\Binn\;C:\Program Files\Git\cmd;C:\Program Files\nodejs\;C:\Users\alive\AppData\Local\Microsoft\WindowsApps;C:\Program Files\JetBrains\IntelliJ IDEA Community Edition 2020.2.3\bin;;C:\Program Files\Java\jdk-14\bin;C:\Program Files\JetBrains\PyCharm Community Edition 2020.2.3\bin;;C:\Users\alive\AppData\Local\Programs\Microsoft VS Code\bin;C:\Users\alive\AppData\Local\Programs\Python\Python38\Scripts;C:\src\flutter\bin;C:\Users\alive\AppData\Roaming\npm;C:\src\flutter\bin\mingit\cmd
USERNAME=alive
OS=Windows_NT
PROCESSOR_IDENTIFIER=Intel64 Family 6 Model 58 Stepping 9, GenuineIntel



---------------  S Y S T E M  ---------------

OS: Windows 10.0 , 64 bit Build 19041 (10.0.19041.928)

CPU:total 4 (initial active 4) (2 cores per cpu, 2 threads per core) family 6 model 58 stepping 9, cmov, cx8, fxsr, mmx, sse, sse2, sse3, ssse3, sse4.1, sse4.2, popcnt, avx, clmul, erms, ht, tsc, tscinvbit, tscinv

Memory: 4k page, physical 8264984k(1122380k free), swap 8264984k(5448k free)

vm_info: OpenJDK 64-Bit Server VM (25.242-b01) for windows-amd64 JRE (1.8.0_242-release-1644-b01), built by "builder" with MS VC++ 10.0 (VS2010)

time: Sat Jun 12 12:32:07 2021
timezone: Türkiye Standart Saati
elapsed time: 25 seconds (0d 0h 0m 25s)

