#
# There is insufficient memory for the Java Runtime Environment to continue.
# Native memory allocation (malloc) failed to allocate 32744 bytes for ChunkPool::allocate
# Possible reasons:
#   The system is out of physical RAM or swap space
#   The process is running with CompressedOops enabled, and the Java Heap may be blocking the growth of the native heap
# Possible solutions:
#   Reduce memory load on the system
#   Increase physical memory or swap space
#   Check if swap backing store is full
#   Decrease Java heap size (-Xmx/-Xms)
#   Decrease number of Java threads
#   Decrease Java thread stack sizes (-Xss)
#   Set larger code cache with -XX:ReservedCodeCacheSize=
#   JVM is running with Unscaled Compressed Oops mode in which the Java heap is
#     placed in the first 4GB address space. The Java Heap base address is the
#     maximum limit for the native heap growth. Please use -XX:HeapBaseMinAddress
#     to set the Java Heap base and to place the Java Heap above 4GB virtual address.
# This output file may be truncated or incomplete.
#
#  Out of Memory Error (allocation.cpp:272), pid=9960, tid=0x00000000000003f4
#
# JRE version: OpenJDK Runtime Environment (8.0_242-b01) (build 1.8.0_242-release-1644-b01)
# Java VM: OpenJDK 64-Bit Server VM (25.242-b01 mixed mode windows-amd64 compressed oops)
# Failed to write core dump. Minidumps are not enabled by default on client versions of Windows
#

---------------  T H R E A D  ---------------

Current thread (0x00000000175d5000):  JavaThread "C1 CompilerThread2" daemon [_thread_in_native, id=1012, stack(0x0000000018e00000,0x0000000018f00000)]

Stack: [0x0000000018e00000,0x0000000018f00000]
[error occurred during error reporting (printing stack bounds), id 0xc0000005]

Native frames: (J=compiled Java code, j=interpreted, Vv=VM code, C=native code)


Current CompileTask:
C1:  18246  964       3       org.gradle.internal.logging.text.AbstractLineChoppingStyledTextOutput$1::execute (130 bytes)


---------------  P R O C E S S  ---------------

Java Threads: ( => current thread )
  0x0000000018f3a000 JavaThread "Forward input" [_thread_blocked, id=9380, stack(0x000000001b710000,0x000000001b810000)]
  0x0000000018f17800 JavaThread "DisconnectableInputStream source reader" daemon [_thread_in_native, id=5260, stack(0x000000001b610000,0x000000001b710000)]
  0x0000000019a77000 JavaThread "pool-1-thread-1" [_thread_blocked, id=4040, stack(0x000000001acd0000,0x000000001add0000)]
  0x0000000018f31000 JavaThread "Service Thread" daemon [_thread_blocked, id=10124, stack(0x0000000019300000,0x0000000019400000)]
=>0x00000000175d5000 JavaThread "C1 CompilerThread2" daemon [_thread_in_native, id=1012, stack(0x0000000018e00000,0x0000000018f00000)]
  0x00000000175d0800 JavaThread "C2 CompilerThread1" daemon [_thread_blocked, id=1768, stack(0x0000000018d00000,0x0000000018e00000)]
  0x00000000175ca800 JavaThread "C2 CompilerThread0" daemon [_thread_blocked, id=5124, stack(0x0000000018c00000,0x0000000018d00000)]
  0x00000000175c9800 JavaThread "Attach Listener" daemon [_thread_blocked, id=10236, stack(0x0000000018b00000,0x0000000018c00000)]
  0x00000000175c7800 JavaThread "Signal Dispatcher" daemon [_thread_blocked, id=3172, stack(0x0000000018a00000,0x0000000018b00000)]
  0x0000000002a9e800 JavaThread "Finalizer" daemon [_thread_blocked, id=7040, stack(0x0000000018810000,0x0000000018910000)]
  0x00000000175a9000 JavaThread "Reference Handler" daemon [_thread_blocked, id=7824, stack(0x0000000018710000,0x0000000018810000)]
  0x00000000029a2800 JavaThread "main" [_thread_in_native, id=3532, stack(0x00000000028a0000,0x00000000029a0000)]

Other Threads:
  0x0000000017587800 VMThread [stack: 0x0000000018610000,0x0000000018710000] [id=3604]
  0x0000000018f41800 WatcherThread [stack: 0x0000000019400000,0x0000000019500000] [id=6400]

VM state:not at safepoint (normal execution)

VM Mutex/Monitor currently owned by a thread: None

heap address: 0x0000000081e00000, size: 2018 MB, Compressed Oops mode: 32-bit
Narrow klass base: 0x0000000000000000, Narrow klass shift: 3
Compressed class space size: 1073741824 Address: 0x0000000100000000

Heap:
 PSYoungGen      total 38400K, used 16206K [0x00000000d5f80000, 0x00000000daa80000, 0x0000000100000000)
  eden space 33280K, 34% used [0x00000000d5f80000,0x00000000d6aadb90,0x00000000d8000000)
  from space 5120K, 92% used [0x00000000d8000000,0x00000000d84a5d98,0x00000000d8500000)
  to   space 5120K, 0% used [0x00000000da580000,0x00000000da580000,0x00000000daa80000)
 ParOldGen       total 87552K, used 16K [0x0000000081e00000, 0x0000000087380000, 0x00000000d5f80000)
  object space 87552K, 0% used [0x0000000081e00000,0x0000000081e04000,0x0000000087380000)
 Metaspace       used 10878K, capacity 11222K, committed 11392K, reserved 1058816K
  class space    used 1436K, capacity 1572K, committed 1664K, reserved 1048576K

Card table byte_map: [0x0000000011e60000,0x0000000012260000] byte_map_base: 0x0000000011a51000

Marking Bits: (ParMarkBitMap*) 0x000000006940f030
 Begin Bits: [0x0000000012910000, 0x0000000014898000)
 End Bits:   [0x0000000014898000, 0x0000000016820000)

Polling page: 0x0000000000ec0000

CodeCache: size=245760Kb used=3405Kb max_used=3405Kb free=242354Kb
 bounds [0x0000000002aa0000, 0x0000000002e00000, 0x0000000011aa0000]
 total_blobs=1324 nmethods=963 adapters=275
 compilation: enabled

Compilation events (10 events):
Event: 18.237 Thread 0x00000000175d5000 nmethod 958 0x0000000002df2c50 code [0x0000000002df2da0, 0x0000000002df2eb0]
Event: 18.237 Thread 0x00000000175d5000  961       3       org.gradle.internal.logging.text.AbstractLineChoppingStyledTextOutput$StateContext::setState (10 bytes)
Event: 18.237 Thread 0x00000000175d5000 nmethod 961 0x0000000002df2f10 code [0x0000000002df3080, 0x0000000002df3250]
Event: 18.237 Thread 0x00000000175d5000  962       3       org.gradle.internal.logging.text.AbstractLineChoppingStyledTextOutput::access$402 (7 bytes)
Event: 18.237 Thread 0x00000000175d5000 nmethod 962 0x0000000002df3350 code [0x0000000002df34a0, 0x0000000002df35f0]
Event: 18.237 Thread 0x00000000175d5000  963       3       org.gradle.internal.logging.text.AbstractLineChoppingStyledTextOutput$1::execute (9 bytes)
Event: 18.238 Thread 0x00000000175d5000 nmethod 963 0x0000000002df3690 code [0x0000000002df3800, 0x0000000002df3a88]
Event: 18.238 Thread 0x00000000175d5000  960       3       java.nio.CharBuffer::arrayOffset (35 bytes)
Event: 18.238 Thread 0x00000000175d5000 nmethod 960 0x0000000002df3b50 code [0x0000000002df3ce0, 0x0000000002df3ff8]
Event: 18.238 Thread 0x00000000175d5000  964       3       org.gradle.internal.logging.text.AbstractLineChoppingStyledTextOutput$1::execute (130 bytes)

GC Heap History (2 events):
Event: 2.247 GC heap before
{Heap before GC invocations=1 (full 0):
 PSYoungGen      total 38400K, used 33280K [0x00000000d5f80000, 0x00000000d8a00000, 0x0000000100000000)
  eden space 33280K, 100% used [0x00000000d5f80000,0x00000000d8000000,0x00000000d8000000)
  from space 5120K, 0% used [0x00000000d8500000,0x00000000d8500000,0x00000000d8a00000)
  to   space 5120K, 0% used [0x00000000d8000000,0x00000000d8000000,0x00000000d8500000)
 ParOldGen       total 87552K, used 0K [0x0000000081e00000, 0x0000000087380000, 0x00000000d5f80000)
  object space 87552K, 0% used [0x0000000081e00000,0x0000000081e00000,0x0000000087380000)
 Metaspace       used 8727K, capacity 9036K, committed 9216K, reserved 1056768K
  class space    used 1138K, capacity 1249K, committed 1280K, reserved 1048576K
Event: 2.273 GC heap after
Heap after GC invocations=1 (full 0):
 PSYoungGen      total 38400K, used 4759K [0x00000000d5f80000, 0x00000000daa80000, 0x0000000100000000)
  eden space 33280K, 0% used [0x00000000d5f80000,0x00000000d5f80000,0x00000000d8000000)
  from space 5120K, 92% used [0x00000000d8000000,0x00000000d84a5d98,0x00000000d8500000)
  to   space 5120K, 0% used [0x00000000da580000,0x00000000da580000,0x00000000daa80000)
 ParOldGen       total 87552K, used 16K [0x0000000081e00000, 0x0000000087380000, 0x00000000d5f80000)
  object space 87552K, 0% used [0x0000000081e00000,0x0000000081e04000,0x0000000087380000)
 Metaspace       used 8727K, capacity 9036K, committed 9216K, reserved 1056768K
  class space    used 1138K, capacity 1249K, committed 1280K, reserved 1048576K
}

Deoptimization events (10 events):
Event: 1.470 Thread 0x00000000029a2800 Uncommon trap: reason=bimorphic action=maybe_recompile pc=0x0000000002d00a6c method=java.util.HashMap.putVal(ILjava/lang/Object;Ljava/lang/Object;ZZ)Ljava/lang/Object; @ 91
Event: 1.735 Thread 0x00000000029a2800 Uncommon trap: reason=unstable_if action=reinterpret pc=0x0000000002c8edc0 method=java.util.regex.Matcher.reset()Ljava/util/regex/Matcher; @ 47
Event: 1.736 Thread 0x00000000029a2800 Uncommon trap: reason=class_check action=maybe_recompile pc=0x0000000002c9339c method=java.util.regex.Matcher.match(II)Z @ 86
Event: 1.736 Thread 0x00000000029a2800 Uncommon trap: reason=class_check action=maybe_recompile pc=0x0000000002c9339c method=java.util.regex.Matcher.match(II)Z @ 86
Event: 1.737 Thread 0x00000000029a2800 Uncommon trap: reason=class_check action=maybe_recompile pc=0x0000000002c9339c method=java.util.regex.Matcher.match(II)Z @ 86
Event: 1.737 Thread 0x00000000029a2800 Uncommon trap: reason=class_check action=maybe_recompile pc=0x0000000002c9339c method=java.util.regex.Matcher.match(II)Z @ 86
Event: 1.844 Thread 0x00000000029a2800 Uncommon trap: reason=unstable_if action=reinterpret pc=0x0000000002c91944 method=java.lang.String.toLowerCase(Ljava/util/Locale;)Ljava/lang/String; @ 129
Event: 2.458 Thread 0x00000000029a2800 Uncommon trap: reason=unstable_if action=reinterpret pc=0x0000000002d479f4 method=java.util.HashMap.getNode(ILjava/lang/Object;)Ljava/util/HashMap$Node; @ 129
Event: 2.458 Thread 0x00000000029a2800 Uncommon trap: reason=class_check action=maybe_recompile pc=0x0000000002d3bb54 method=java.util.HashMap.putVal(ILjava/lang/Object;Ljava/lang/Object;ZZ)Ljava/lang/Object; @ 203
Event: 4.080 Thread 0x00000000029a2800 Uncommon trap: reason=unstable_if action=reinterpret pc=0x0000000002da3418 method=java.io.WinNTFileSystem.normalize(Ljava/lang/String;II)Ljava/lang/String; @ 90

Classes redefined (0 events):
No events

Internal exceptions (10 events):
Event: 2.056 Thread 0x00000000029a2800 Exception <a 'java/lang/NoSuchMethodError': java.lang.Object.lambda$static$0(Lorg/gradle/internal/state/ModelObject;)Ljava/lang/String;> (0x00000000d7c326c0) thrown at [C:\src\AOSP-openjdk-git\hotspot\src\share\vm\interpreter\linkResolver.cpp, line 620]
Event: 2.305 Thread 0x00000000029a2800 Exception <a 'java/lang/ArrayIndexOutOfBoundsException'> (0x00000000d60200e0) thrown at [C:\src\AOSP-openjdk-git\hotspot\src\share\vm\runtime\sharedRuntime.cpp, line 605]
Event: 2.305 Thread 0x00000000029a2800 Exception <a 'java/lang/ArrayIndexOutOfBoundsException'> (0x00000000d6077890) thrown at [C:\src\AOSP-openjdk-git\hotspot\src\share\vm\runtime\sharedRuntime.cpp, line 605]
Event: 2.321 Thread 0x00000000029a2800 Exception <a 'java/lang/ArrayIndexOutOfBoundsException'> (0x00000000d60e6bb0) thrown at [C:\src\AOSP-openjdk-git\hotspot\src\share\vm\runtime\sharedRuntime.cpp, line 605]
Event: 2.322 Thread 0x00000000029a2800 Exception <a 'java/lang/ArrayIndexOutOfBoundsException'> (0x00000000d60e7df8) thrown at [C:\src\AOSP-openjdk-git\hotspot\src\share\vm\runtime\sharedRuntime.cpp, line 605]
Event: 2.322 Thread 0x00000000029a2800 Exception <a 'java/lang/ArrayIndexOutOfBoundsException'> (0x00000000d60ea6e8) thrown at [C:\src\AOSP-openjdk-git\hotspot\src\share\vm\runtime\sharedRuntime.cpp, line 605]
Event: 2.323 Thread 0x00000000029a2800 Exception <a 'java/lang/ArrayIndexOutOfBoundsException'> (0x00000000d60ec268) thrown at [C:\src\AOSP-openjdk-git\hotspot\src\share\vm\runtime\sharedRuntime.cpp, line 605]
Event: 2.324 Thread 0x00000000029a2800 Exception <a 'java/lang/ArrayIndexOutOfBoundsException'> (0x00000000d60ed348) thrown at [C:\src\AOSP-openjdk-git\hotspot\src\share\vm\runtime\sharedRuntime.cpp, line 605]
Event: 2.325 Thread 0x00000000029a2800 Exception <a 'java/lang/ArrayIndexOutOfBoundsException'> (0x00000000d60f0a00) thrown at [C:\src\AOSP-openjdk-git\hotspot\src\share\vm\runtime\sharedRuntime.cpp, line 605]
Event: 2.325 Thread 0x00000000029a2800 Exception <a 'java/lang/ArrayIndexOutOfBoundsException'> (0x00000000d60f3640) thrown at [C:\src\AOSP-openjdk-git\hotspot\src\share\vm\runtime\sharedRuntime.cpp, line 605]

Events (10 events):
Event: 7.250 loading class sun/reflect/ClassDefiner$1
Event: 7.250 loading class sun/reflect/ClassDefiner$1 done
Event: 18.192 loading class com/google/common/collect/CollectPreconditions
Event: 18.192 loading class com/google/common/collect/CollectPreconditions done
Event: 18.193 loading class org/gradle/internal/logging/events/StyledTextOutputEvent$Span
Event: 18.193 loading class org/gradle/internal/logging/events/StyledTextOutputEvent$Span done
Event: 18.193 loading class org/gradle/internal/logging/events/operations/StyledTextBuildOperationProgressDetails$Span
Event: 18.193 loading class org/gradle/internal/logging/events/operations/StyledTextBuildOperationProgressDetails$Span done
Event: 18.233 loading class org/gradle/internal/logging/text/AbstractLineChoppingStyledTextOutput$StateContext
Event: 18.233 loading class org/gradle/internal/logging/text/AbstractLineChoppingStyledTextOutput$StateContext done


Dynamic libraries:
0x00007ff703880000 - 0x00007ff7038b1000 	C:\Program Files\Android\Android Studio1\jre\bin\java.exe
0x00007ffb3c930000 - 0x00007ffb3cb25000 	C:\WINDOWS\SYSTEM32\ntdll.dll
0x00007ffb3c680000 - 0x00007ffb3c73d000 	C:\WINDOWS\System32\KERNEL32.DLL
0x00007ffb3a0a0000 - 0x00007ffb3a368000 	C:\WINDOWS\System32\KERNELBASE.dll
0x00007ffb3c5d0000 - 0x00007ffb3c67c000 	C:\WINDOWS\System32\ADVAPI32.dll
0x00007ffb3c7a0000 - 0x00007ffb3c83e000 	C:\WINDOWS\System32\msvcrt.dll
0x00007ffb3ab20000 - 0x00007ffb3abbb000 	C:\WINDOWS\System32\sechost.dll
0x00007ffb3c300000 - 0x00007ffb3c42b000 	C:\WINDOWS\System32\RPCRT4.dll
0x00007ffb3bda0000 - 0x00007ffb3bf40000 	C:\WINDOWS\System32\USER32.dll
0x00007ffb3a780000 - 0x00007ffb3a7a2000 	C:\WINDOWS\System32\win32u.dll
0x00007ffb3bbc0000 - 0x00007ffb3bbea000 	C:\WINDOWS\System32\GDI32.dll
0x00007ffb3a670000 - 0x00007ffb3a77b000 	C:\WINDOWS\System32\gdi32full.dll
0x00007ffb3a580000 - 0x00007ffb3a61d000 	C:\WINDOWS\System32\msvcp_win.dll
0x00007ffb3a420000 - 0x00007ffb3a520000 	C:\WINDOWS\System32\ucrtbase.dll
0x00007ffb2ee00000 - 0x00007ffb2f09a000 	C:\WINDOWS\WinSxS\amd64_microsoft.windows.common-controls_6595b64144ccf1df_6.0.19041.844_none_ca00b6081b84eb1d\COMCTL32.dll
0x00007ffb3b030000 - 0x00007ffb3b060000 	C:\WINDOWS\System32\IMM32.DLL
0x0000000069490000 - 0x0000000069562000 	C:\Program Files\Android\Android Studio1\jre\jre\bin\msvcr100.dll
0x0000000068c40000 - 0x000000006948b000 	C:\Program Files\Android\Android Studio1\jre\jre\bin\server\jvm.dll
0x00007ffb3c430000 - 0x00007ffb3c438000 	C:\WINDOWS\System32\PSAPI.DLL
0x00007ffb23490000 - 0x00007ffb234b7000 	C:\WINDOWS\SYSTEM32\WINMM.dll
0x00007ffb35af0000 - 0x00007ffb35af9000 	C:\WINDOWS\SYSTEM32\WSOCK32.dll
0x00007ffb3a990000 - 0x00007ffb3a9fb000 	C:\WINDOWS\System32\WS2_32.dll
0x00007ffb298c0000 - 0x00007ffb298ca000 	C:\WINDOWS\SYSTEM32\VERSION.dll
0x00007ffb35ae0000 - 0x00007ffb35aef000 	C:\Program Files\Android\Android Studio1\jre\jre\bin\verify.dll
0x00007ffb2f520000 - 0x00007ffb2f549000 	C:\Program Files\Android\Android Studio1\jre\jre\bin\java.dll
0x00007ffb35ac0000 - 0x00007ffb35ad6000 	C:\Program Files\Android\Android Studio1\jre\jre\bin\zip.dll
0x00007ffb3b470000 - 0x00007ffb3bbb2000 	C:\WINDOWS\System32\SHELL32.dll
0x00007ffb38180000 - 0x00007ffb38910000 	C:\WINDOWS\SYSTEM32\windows.storage.dll
0x00007ffb3bf40000 - 0x00007ffb3c295000 	C:\WINDOWS\System32\combase.dll
0x00007ffb39a10000 - 0x00007ffb39a3c000 	C:\WINDOWS\SYSTEM32\Wldp.dll
0x00007ffb3c440000 - 0x00007ffb3c4ee000 	C:\WINDOWS\System32\SHCORE.dll
0x00007ffb3c2a0000 - 0x00007ffb3c2f5000 	C:\WINDOWS\System32\shlwapi.dll
0x00007ffb39fb0000 - 0x00007ffb39fcf000 	C:\WINDOWS\SYSTEM32\profapi.dll
0x00007ffb2f500000 - 0x00007ffb2f51a000 	C:\Program Files\Android\Android Studio1\jre\jre\bin\net.dll
0x00007ffb39780000 - 0x00007ffb397ea000 	C:\WINDOWS\system32\mswsock.dll
0x00007ffb22510000 - 0x00007ffb22523000 	C:\Program Files\Android\Android Studio1\jre\jre\bin\nio.dll
0x00007ffb22110000 - 0x00007ffb22136000 	C:\Users\alive\.gradle\native\fdc75f09e3144964f2cf3f50f0aa648679c211496f362492102eb8c894070792\windows-amd64\native-platform.dll
0x00007ffb0a890000 - 0x00007ffb0aa21000 	C:\Users\alive\.gradle\native\12488b8bf47d2d4c9fbf2f6322a914ad602e24e48041cd04a747c6da556b65c4\windows-amd64\native-platform-file-events.dll
0x00007ffb340c0000 - 0x00007ffb340cd000 	C:\Program Files\Android\Android Studio1\jre\jre\bin\management.dll
0x00007ffb39950000 - 0x00007ffb39968000 	C:\WINDOWS\SYSTEM32\CRYPTSP.dll
0x00007ffb390f0000 - 0x00007ffb39124000 	C:\WINDOWS\system32\rsaenh.dll
0x00007ffb3a070000 - 0x00007ffb3a097000 	C:\WINDOWS\System32\bcrypt.dll
0x00007ffb39f30000 - 0x00007ffb39f5e000 	C:\WINDOWS\SYSTEM32\USERENV.dll
0x00007ffb3a910000 - 0x00007ffb3a990000 	C:\WINDOWS\System32\bcryptprimitives.dll
0x00007ffb39970000 - 0x00007ffb3997c000 	C:\WINDOWS\SYSTEM32\CRYPTBASE.dll
0x00007ffb39470000 - 0x00007ffb394ab000 	C:\WINDOWS\SYSTEM32\IPHLPAPI.DLL
0x00007ffb3aa60000 - 0x00007ffb3aa68000 	C:\WINDOWS\System32\NSI.dll
0x00007ffb2f7b0000 - 0x00007ffb2f7c7000 	C:\WINDOWS\SYSTEM32\dhcpcsvc6.DLL
0x00007ffb2f790000 - 0x00007ffb2f7ad000 	C:\WINDOWS\SYSTEM32\dhcpcsvc.DLL
0x00007ffb394b0000 - 0x00007ffb3957c000 	C:\WINDOWS\SYSTEM32\DNSAPI.dll
0x00007ffb2fc70000 - 0x00007ffb2fc7b000 	C:\WINDOWS\SYSTEM32\WINNSI.DLL

VM Arguments:
jvm_args: -Dorg.gradle.appname=gradlew 
java_command: org.gradle.wrapper.GradleWrapperMain -q -Ptarget-platform=android-arm -Ptarget=C:\Users\alive\Desktop\Yazilim\Flutter\loginpage\lib\main.dart -Ptrack-widget-creation=true -Pfilesystem-scheme=org-dartlang-root -Pdart-defines=flutter.inspector.structuredErrors%3Dtrue assembleDebug
java_class_path (initial): C:\Users\alive\Desktop\Yazilim\Flutter\loginpage\android\\gradle\wrapper\gradle-wrapper.jar
Launcher Type: SUN_STANDARD

Environment Variables:
JAVA_HOME=C:\Program Files\Android\Android Studio1\jre
CLASSPATH=C:\Users\alive\Desktop\Yazilim\Flutter\loginpage\android\\gradle\wrapper\gradle-wrapper.jar
PATH=C:\Program Files (x86)\Common Files\Oracle\Java\javapath;C:\WINDOWS\system32;C:\WINDOWS;C:\WINDOWS\System32\Wbem;C:\WINDOWS\System32\WindowsPowerShell\v1.0\;C:\WINDOWS\System32\OpenSSH\;C:\Program Files\Microsoft SQL Server\130\Tools\Binn\;C:\Program Files\Microsoft SQL Server\110\Tools\Binn\;C:\Program Files (x86)\Microsoft SQL Server\110\Tools\Binn\;C:\Program Files\Microsoft SQL Server\110\DTS\Binn\;C:\Program Files (x86)\Microsoft SQL Server\110\Tools\Binn\ManagementStudio\;C:\Program Files (x86)\Microsoft SQL Server\110\DTS\Binn\;C:\Program Files\Git\cmd;C:\Program Files\nodejs\;C:\Users\alive\AppData\Local\Microsoft\WindowsApps;C:\Program Files\JetBrains\IntelliJ IDEA Community Edition 2020.2.3\bin;;C:\Program Files\Java\jdk-14\bin;C:\Program Files\JetBrains\PyCharm Community Edition 2020.2.3\bin;;C:\Users\alive\AppData\Local\Programs\Microsoft VS Code\bin;C:\Users\alive\AppData\Local\Programs\Python\Python38\Scripts;C:\src\flutter\bin;C:\Users\alive\AppData\Roaming\npm;C:\src\flutter\bin\mingit\cmd
USERNAME=alive
OS=Windows_NT
PROCESSOR_IDENTIFIER=Intel64 Family 6 Model 58 Stepping 9, GenuineIntel



---------------  S Y S T E M  ---------------

OS: Windows 10.0 , 64 bit Build 19041 (10.0.19041.928)

CPU:total 4 (initial active 4) (2 cores per cpu, 2 threads per core) family 6 model 58 stepping 9, cmov, cx8, fxsr, mmx, sse, sse2, sse3, ssse3, sse4.1, sse4.2, popcnt, avx, clmul, erms, ht, tsc, tscinvbit, tscinv

Memory: 4k page, physical 8264984k(1142544k free), swap 8264984k(129080k free)

vm_info: OpenJDK 64-Bit Server VM (25.242-b01) for windows-amd64 JRE (1.8.0_242-release-1644-b01), built by "builder" with MS VC++ 10.0 (VS2010)

time: Sun Jun 13 22:47:47 2021
timezone: Türkiye Standart Saati
elapsed time: 18 seconds (0d 0h 0m 18s)

